<?xml version="1.0" encoding="UTF-8"?>
<robot generator="Robot 7.0 (Python 3.12.3 on win32)" generated="2024-06-01T11:59:37.213493" rpa="false" schemaversion="5">
<suite id="s1" name="LogBrowser" source="C:\LogBrowser">
<suite id="s1-s1" name="Teste" source="C:\LogBrowser\teste.robot">
<test id="s1-s1-t1" name="Zoom" line="24">
<kw name="New Browser" owner="Browser">
<msg time="2024-06-01T11:59:38.101562" level="INFO">{"browser": "chromium", "headless": true, "chromiumSandbox": false, "devtools": false, "handleSIGHUP": true, "handleSIGINT": true, "handleSIGTERM": true, "slowMo": 0.0, "timeout": 30000.0, "tracesDir": "C:\\LogBrowser\\results\\browser\\traces\\0459c139-7e4c-4404-a6c2-677d8c63976c"}</msg>
<msg time="2024-06-01T11:59:38.312722" level="INFO">Successfully created browser with options: {"browser":"chromium","headless":true,"chromiumSandbox":false,"devtools":false,"handleSIGHUP":true,"handleSIGINT":true,"handleSIGTERM":true,"slowMo":0,"timeout":30000,"tracesDir":"C:\\LogBrowser\\results\\browser\\traces\\0459c139-7e4c-4404-a6c2-677d8c63976c"}</msg>
<arg>chromium</arg>
<tag>BrowserControl</tag>
<tag>Setter</tag>
<doc>Create a new playwright Browser with specified options.</doc>
<status status="PASS" start="2024-06-01T11:59:38.100524" elapsed="0.212198"/>
</kw>
<kw name="New Page" owner="Browser">
<msg time="2024-06-01T11:59:39.088503" level="INFO">Successfully initialized new page object and opened url: https://viewer.optixone.com.br/pacs/viewers/optixDev/?id=10001021&amp;cdi=1&amp;H=36947ad783829afc000fb6ed8a1a371e&amp;SD=022c6714d0168a2bc32f78dd921a795bbd248ca7f9aa685db8159ef82d40d893191faf787d18788d1267771a1a4a130ab5b209af9b47b7e7927aa32ef2eaec2f9c05438fc3f4758cd10786889cae520498786ee6d99289c2434487b9d2cc802567b875e4036983c78ab1452eacf71eff633d3a835e1da31686d963f059f67a636a6c23de365c410c9f78c92d25b475f4&amp;r=65618</msg>
<msg time="2024-06-01T11:59:39.088503" level="INFO">No context was open. New context was automatically opened when this page is created.</msg>
<arg>https://viewer.optixone.com.br/pacs/viewers/optixDev/?id=10001021&amp;cdi=1&amp;H=36947ad783829afc000fb6ed8a1a371e&amp;SD=022c6714d0168a2bc32f78dd921a795bbd248ca7f9aa685db8159ef82d40d893191faf787d18788d1267771a1a4a130ab5b209af9b47b7e7927aa32ef2eaec2f9c05438fc3f4758cd10786889cae520498786ee6d99289c2434487b9d2cc802567b875e4036983c78ab1452eacf71eff633d3a835e1da31686d963f059f67a636a6c23de365c410c9f78c92d25b475f4&amp;r=65618</arg>
<tag>BrowserControl</tag>
<tag>Setter</tag>
<doc>Open a new Page.</doc>
<status status="PASS" start="2024-06-01T11:59:38.314712" elapsed="0.773791"/>
</kw>
<kw name="Sleep" owner="BuiltIn">
<msg time="2024-06-01T11:59:43.090674" level="INFO">Slept 4 seconds.</msg>
<arg>4</arg>
<doc>Pauses the test executed for the given time.</doc>
<status status="PASS" start="2024-06-01T11:59:39.090504" elapsed="4.000170"/>
</kw>
<for flavor="IN">
<iter>
<kw name="Sleep" owner="BuiltIn">
<msg time="2024-06-01T11:59:44.093103" level="INFO">Slept 1 second.</msg>
<arg>1</arg>
<doc>Pauses the test executed for the given time.</doc>
<status status="PASS" start="2024-06-01T11:59:43.092684" elapsed="1.000419"/>
</kw>
<kw name="Click" owner="Browser">
<msg time="2024-06-01T11:59:44.094621" level="INFO">Clicks the element 'xpath=/html/body/header/button[1]/i'.</msg>
<arg>${id_element}</arg>
<tag>PageContent</tag>
<tag>Setter</tag>
<doc>Simulates mouse click on the element found by ``selector``.</doc>
<status status="PASS" start="2024-06-01T11:59:44.093614" elapsed="0.088010"/>
</kw>
<kw name="Get Console Log" owner="Browser">
<msg time="2024-06-01T11:59:44.185624" level="INFO">Console log received</msg>
<msg time="2024-06-01T11:59:44.186625" level="INFO">@{log1} = [ {'type': 'info', 'text': 'WebGL 2.0 (OpenGL ES 3.0 Chromium)', 'location': {'url': 'https://viewer.optixone.com.br/pacs/viewers/optixDev/js/GeneralConfig.js?ver=20240514_0915', 'lineNumber': 0, 'col...</msg>
<var>@{log1}</var>
<tag>Assertion</tag>
<tag>BrowserControl</tag>
<tag>Getter</tag>
<doc>Returns the console log of the active page.</doc>
<status status="PASS" start="2024-06-01T11:59:44.182623" elapsed="0.004002"/>
</kw>
<kw name="Set Test Variable" owner="BuiltIn">
<msg time="2024-06-01T11:59:44.187625" level="INFO">${False} = False</msg>
<msg time="2024-06-01T11:59:44.187625" level="INFO">${error_found} = None</msg>
<var>${error_found}</var>
<arg>${False}</arg>
<doc>Makes a variable available everywhere within the scope of the current test.</doc>
<status status="PASS" start="2024-06-01T11:59:44.186625" elapsed="0.001000"/>
</kw>
<for flavor="IN">
<iter>
<kw name="Convert To String" owner="BuiltIn">
<msg time="2024-06-01T11:59:44.189625" level="INFO">${message_str} = {'type': 'info', 'text': 'WebGL 2.0 (OpenGL ES 3.0 Chromium)', 'location': {'url': 'https://viewer.optixone.com.br/pacs/viewers/optixDev/js/GeneralConfig.js?ver=20240514_0915', 'lineNumber': 0, 'colum...</msg>
<var>${message_str}</var>
<arg>${message_dict}</arg>
<doc>Converts the given item to a Unicode string.</doc>
<status status="PASS" start="2024-06-01T11:59:44.188621" elapsed="0.001004"/>
</kw>
<kw name="Set Variable" owner="BuiltIn">
<msg time="2024-06-01T11:59:44.189625" level="INFO">${erro} = {'type': 'info', 'text': 'WebGL 2.0 (OpenGL ES 3.0 Chromium)', 'location': {'url': 'https://viewer.optixone.com.br/pacs/viewers/optixDev/js/GeneralConfig.js?ver=20240514_0915', 'lineNumber': 0, 'colum...</msg>
<var>${erro}</var>
<arg>${message_str}</arg>
<doc>Returns the given values which can then be assigned to a variables.</doc>
<status status="PASS" start="2024-06-01T11:59:44.189625" elapsed="0.000999"/>
</kw>
<kw name="Run Keyword And Return Status" owner="BuiltIn">
<kw name="Should Contain" owner="BuiltIn">
<msg time="2024-06-01T11:59:44.191623" level="FAIL">'{'type': 'info', 'text': 'WebGL 2.0 (OpenGL ES 3.0 Chromium)', 'location': {'url': 'https://viewer.optixone.com.br/pacs/viewers/optixDev/js/GeneralConfig.js?ver=20240514_0915', 'lineNumber': 0, 'columnNumber': 30381}, 'time': '2024-06-01T14:59:38.758Z'}' does not contain ''error''</msg>
<arg>${message_str}</arg>
<arg>'error'</arg>
<doc>Fails if ``container`` does not contain ``item`` one or more times.</doc>
<status status="FAIL" start="2024-06-01T11:59:44.190624" elapsed="0.001997">'{'type': 'info', 'text': 'WebGL 2.0 (OpenGL ES 3.0 Chromium)', 'location': {'url': 'https://viewer.optixone.com.br/pacs/viewers/optixDev/js/GeneralConfig.js?ver=20240514_0915', 'lineNumber': 0, 'columnNumber': 30381}, 'time': '2024-06-01T14:59:38.758Z'}' does not contain ''error''</status>
</kw>
<msg time="2024-06-01T11:59:44.192621" level="INFO">${is_error} = False</msg>
<var>${is_error}</var>
<arg>Should Contain</arg>
<arg>${message_str}</arg>
<arg>'error'</arg>
<doc>Runs the given keyword with given arguments and returns the status as a Boolean value.</doc>
<status status="PASS" start="2024-06-01T11:59:44.190624" elapsed="0.002999"/>
</kw>
<kw name="Run Keyword If" owner="BuiltIn">
<arg>${is_error}</arg>
<arg>Set Test Variable</arg>
<arg>${error_found}</arg>
<arg>${True}</arg>
<doc>Runs the given keyword with the given arguments, if ``condition`` is true.</doc>
<status status="PASS" start="2024-06-01T11:59:44.193623" elapsed="0.000000"/>
</kw>
<var name="${message_dict}">{'type': 'info', 'text': 'WebGL 2.0 (OpenGL ES 3.0 Chromium)', 'location': {'url': 'https://viewer.optixone.com.br/pacs/viewers/optixDev/js/GeneralConfig.js?ver=20240514_0915', 'lineNumber': 0, 'colum...</var>
<status status="PASS" start="2024-06-01T11:59:44.188621" elapsed="0.005999"/>
</iter>
<iter>
<kw name="Convert To String" owner="BuiltIn">
<msg time="2024-06-01T11:59:44.195621" level="INFO">${message_str} = {'type': 'info', 'text': 'WebGL GLSL ES 3.00 (OpenGL ES GLSL ES 3.0 Chromium)', 'location': {'url': 'https://viewer.optixone.com.br/pacs/viewers/optixDev/js/GeneralConfig.js?ver=20240514_0915', 'lineN...</msg>
<var>${message_str}</var>
<arg>${message_dict}</arg>
<doc>Converts the given item to a Unicode string.</doc>
<status status="PASS" start="2024-06-01T11:59:44.194620" elapsed="0.002011"/>
</kw>
<kw name="Set Variable" owner="BuiltIn">
<msg time="2024-06-01T11:59:44.197622" level="INFO">${erro} = {'type': 'info', 'text': 'WebGL GLSL ES 3.00 (OpenGL ES GLSL ES 3.0 Chromium)', 'location': {'url': 'https://viewer.optixone.com.br/pacs/viewers/optixDev/js/GeneralConfig.js?ver=20240514_0915', 'lineN...</msg>
<var>${erro}</var>
<arg>${message_str}</arg>
<doc>Returns the given values which can then be assigned to a variables.</doc>
<status status="PASS" start="2024-06-01T11:59:44.196631" elapsed="0.000991"/>
</kw>
<kw name="Run Keyword And Return Status" owner="BuiltIn">
<kw name="Should Contain" owner="BuiltIn">
<msg time="2024-06-01T11:59:44.198625" level="FAIL">'{'type': 'info', 'text': 'WebGL GLSL ES 3.00 (OpenGL ES GLSL ES 3.0 Chromium)', 'location': {'url': 'https://viewer.optixone.com.br/pacs/viewers/optixDev/js/GeneralConfig.js?ver=20240514_0915', 'lineNumber': 0, 'columnNumber': 30423}, 'time': '2024-06-01T14:59:38.759Z'}' does not contain ''error''</msg>
<arg>${message_str}</arg>
<arg>'error'</arg>
<doc>Fails if ``container`` does not contain ``item`` one or more times.</doc>
<status status="FAIL" start="2024-06-01T11:59:44.198625" elapsed="0.000995">'{'type': 'info', 'text': 'WebGL GLSL ES 3.00 (OpenGL ES GLSL ES 3.0 Chromium)', 'location': {'url': 'https://viewer.optixone.com.br/pacs/viewers/optixDev/js/GeneralConfig.js?ver=20240514_0915', 'lineNumber': 0, 'columnNumber': 30423}, 'time': '2024-06-01T14:59:38.759Z'}' does not contain ''error''</status>
</kw>
<msg time="2024-06-01T11:59:44.199620" level="INFO">${is_error} = False</msg>
<var>${is_error}</var>
<arg>Should Contain</arg>
<arg>${message_str}</arg>
<arg>'error'</arg>
<doc>Runs the given keyword with given arguments and returns the status as a Boolean value.</doc>
<status status="PASS" start="2024-06-01T11:59:44.197622" elapsed="0.001998"/>
</kw>
<kw name="Run Keyword If" owner="BuiltIn">
<arg>${is_error}</arg>
<arg>Set Test Variable</arg>
<arg>${error_found}</arg>
<arg>${True}</arg>
<doc>Runs the given keyword with the given arguments, if ``condition`` is true.</doc>
<status status="PASS" start="2024-06-01T11:59:44.199620" elapsed="0.001001"/>
</kw>
<var name="${message_dict}">{'type': 'info', 'text': 'WebGL GLSL ES 3.00 (OpenGL ES GLSL ES 3.0 Chromium)', 'location': {'url': 'https://viewer.optixone.com.br/pacs/viewers/optixDev/js/GeneralConfig.js?ver=20240514_0915', 'lineN...</var>
<status status="PASS" start="2024-06-01T11:59:44.194620" elapsed="0.006001"/>
</iter>
<iter>
<kw name="Convert To String" owner="BuiltIn">
<msg time="2024-06-01T11:59:44.201624" level="INFO">${message_str} = {'type': 'info', 'text': 'Vendor: Google Inc. (Google)', 'location': {'url': 'https://viewer.optixone.com.br/pacs/viewers/optixDev/js/GeneralConfig.js?ver=20240514_0915', 'lineNumber': 0, 'columnNumbe...</msg>
<var>${message_str}</var>
<arg>${message_dict}</arg>
<doc>Converts the given item to a Unicode string.</doc>
<status status="PASS" start="2024-06-01T11:59:44.200621" elapsed="0.001003"/>
</kw>
<kw name="Set Variable" owner="BuiltIn">
<msg time="2024-06-01T11:59:44.202621" level="INFO">${erro} = {'type': 'info', 'text': 'Vendor: Google Inc. (Google)', 'location': {'url': 'https://viewer.optixone.com.br/pacs/viewers/optixDev/js/GeneralConfig.js?ver=20240514_0915', 'lineNumber': 0, 'columnNumbe...</msg>
<var>${erro}</var>
<arg>${message_str}</arg>
<doc>Returns the given values which can then be assigned to a variables.</doc>
<status status="PASS" start="2024-06-01T11:59:44.201624" elapsed="0.000997"/>
</kw>
<kw name="Run Keyword And Return Status" owner="BuiltIn">
<kw name="Should Contain" owner="BuiltIn">
<msg time="2024-06-01T11:59:44.203620" level="FAIL">'{'type': 'info', 'text': 'Vendor: Google Inc. (Google)', 'location': {'url': 'https://viewer.optixone.com.br/pacs/viewers/optixDev/js/GeneralConfig.js?ver=20240514_0915', 'lineNumber': 0, 'columnNumber': 30978}, 'time': '2024-06-01T14:59:38.759Z'}' does not contain ''error''</msg>
<arg>${message_str}</arg>
<arg>'error'</arg>
<doc>Fails if ``container`` does not contain ``item`` one or more times.</doc>
<status status="FAIL" start="2024-06-01T11:59:44.203620" elapsed="0.001000">'{'type': 'info', 'text': 'Vendor: Google Inc. (Google)', 'location': {'url': 'https://viewer.optixone.com.br/pacs/viewers/optixDev/js/GeneralConfig.js?ver=20240514_0915', 'lineNumber': 0, 'columnNumber': 30978}, 'time': '2024-06-01T14:59:38.759Z'}' does not contain ''error''</status>
</kw>
<msg time="2024-06-01T11:59:44.204620" level="INFO">${is_error} = False</msg>
<var>${is_error}</var>
<arg>Should Contain</arg>
<arg>${message_str}</arg>
<arg>'error'</arg>
<doc>Runs the given keyword with given arguments and returns the status as a Boolean value.</doc>
<status status="PASS" start="2024-06-01T11:59:44.202621" elapsed="0.001999"/>
</kw>
<kw name="Run Keyword If" owner="BuiltIn">
<arg>${is_error}</arg>
<arg>Set Test Variable</arg>
<arg>${error_found}</arg>
<arg>${True}</arg>
<doc>Runs the given keyword with the given arguments, if ``condition`` is true.</doc>
<status status="PASS" start="2024-06-01T11:59:44.204620" elapsed="0.001001"/>
</kw>
<var name="${message_dict}">{'type': 'info', 'text': 'Vendor: Google Inc. (Google)', 'location': {'url': 'https://viewer.optixone.com.br/pacs/viewers/optixDev/js/GeneralConfig.js?ver=20240514_0915', 'lineNumber': 0, 'columnNumbe...</var>
<status status="PASS" start="2024-06-01T11:59:44.200621" elapsed="0.005000"/>
</iter>
<iter>
<kw name="Convert To String" owner="BuiltIn">
<msg time="2024-06-01T11:59:44.206622" level="INFO">${message_str} = {'type': 'info', 'text': 'Renderer: ANGLE (Google, Vulkan 1.3.0 (SwiftShader Device (Subzero) (0x0000C0DE)), SwiftShader driver)', 'location': {'url': 'https://viewer.optixone.com.br/pacs/viewers/opti...</msg>
<var>${message_str}</var>
<arg>${message_dict}</arg>
<doc>Converts the given item to a Unicode string.</doc>
<status status="PASS" start="2024-06-01T11:59:44.206622" elapsed="0.000998"/>
</kw>
<kw name="Set Variable" owner="BuiltIn">
<msg time="2024-06-01T11:59:44.207620" level="INFO">${erro} = {'type': 'info', 'text': 'Renderer: ANGLE (Google, Vulkan 1.3.0 (SwiftShader Device (Subzero) (0x0000C0DE)), SwiftShader driver)', 'location': {'url': 'https://viewer.optixone.com.br/pacs/viewers/opti...</msg>
<var>${erro}</var>
<arg>${message_str}</arg>
<doc>Returns the given values which can then be assigned to a variables.</doc>
<status status="PASS" start="2024-06-01T11:59:44.207620" elapsed="0.001001"/>
</kw>
<kw name="Run Keyword And Return Status" owner="BuiltIn">
<kw name="Should Contain" owner="BuiltIn">
<msg time="2024-06-01T11:59:44.209623" level="FAIL">'{'type': 'info', 'text': 'Renderer: ANGLE (Google, Vulkan 1.3.0 (SwiftShader Device (Subzero) (0x0000C0DE)), SwiftShader driver)', 'location': {'url': 'https://viewer.optixone.com.br/pacs/viewers/optixDev/js/GeneralConfig.js?ver=20240514_0915', 'lineNumber': 0, 'columnNumber': 31134}, 'time': '2024-06-01T14:59:38.759Z'}' does not contain ''error''</msg>
<arg>${message_str}</arg>
<arg>'error'</arg>
<doc>Fails if ``container`` does not contain ``item`` one or more times.</doc>
<status status="FAIL" start="2024-06-01T11:59:44.209623" elapsed="0.000998">'{'type': 'info', 'text': 'Renderer: ANGLE (Google, Vulkan 1.3.0 (SwiftShader Device (Subzero) (0x0000C0DE)), SwiftShader driver)', 'location': {'url': 'https://viewer.optixone.com.br/pacs/viewers/optixDev/js/GeneralConfig.js?ver=20240514_0915', 'lineNumber': 0, 'columnNumber': 31134}, 'time': '2024-06-01T14:59:38.759Z'}' does not contain ''error''</status>
</kw>
<msg time="2024-06-01T11:59:44.210621" level="INFO">${is_error} = False</msg>
<var>${is_error}</var>
<arg>Should Contain</arg>
<arg>${message_str}</arg>
<arg>'error'</arg>
<doc>Runs the given keyword with given arguments and returns the status as a Boolean value.</doc>
<status status="PASS" start="2024-06-01T11:59:44.208621" elapsed="0.002000"/>
</kw>
<kw name="Run Keyword If" owner="BuiltIn">
<arg>${is_error}</arg>
<arg>Set Test Variable</arg>
<arg>${error_found}</arg>
<arg>${True}</arg>
<doc>Runs the given keyword with the given arguments, if ``condition`` is true.</doc>
<status status="PASS" start="2024-06-01T11:59:44.211619" elapsed="0.000000"/>
</kw>
<var name="${message_dict}">{'type': 'info', 'text': 'Renderer: ANGLE (Google, Vulkan 1.3.0 (SwiftShader Device (Subzero) (0x0000C0DE)), SwiftShader driver)', 'location': {'url': 'https://viewer.optixone.com.br/pacs/viewers/opti...</var>
<status status="PASS" start="2024-06-01T11:59:44.205621" elapsed="0.005998"/>
</iter>
<iter>
<kw name="Convert To String" owner="BuiltIn">
<msg time="2024-06-01T11:59:44.213634" level="INFO">${message_str} = {'type': 'info', 'text': 'isWebGL: true, maxTextureSize: 2048', 'location': {'url': 'https://viewer.optixone.com.br/pacs/viewers/optixDev/js/GeneralConfig.js?ver=20240514_0915', 'lineNumber': 0, 'colu...</msg>
<var>${message_str}</var>
<arg>${message_dict}</arg>
<doc>Converts the given item to a Unicode string.</doc>
<status status="PASS" start="2024-06-01T11:59:44.212632" elapsed="0.001989"/>
</kw>
<kw name="Set Variable" owner="BuiltIn">
<msg time="2024-06-01T11:59:44.214621" level="INFO">${erro} = {'type': 'info', 'text': 'isWebGL: true, maxTextureSize: 2048', 'location': {'url': 'https://viewer.optixone.com.br/pacs/viewers/optixDev/js/GeneralConfig.js?ver=20240514_0915', 'lineNumber': 0, 'colu...</msg>
<var>${erro}</var>
<arg>${message_str}</arg>
<doc>Returns the given values which can then be assigned to a variables.</doc>
<status status="PASS" start="2024-06-01T11:59:44.214621" elapsed="0.000999"/>
</kw>
<kw name="Run Keyword And Return Status" owner="BuiltIn">
<kw name="Should Contain" owner="BuiltIn">
<msg time="2024-06-01T11:59:44.216621" level="FAIL">'{'type': 'info', 'text': 'isWebGL: true, maxTextureSize: 2048', 'location': {'url': 'https://viewer.optixone.com.br/pacs/viewers/optixDev/js/GeneralConfig.js?ver=20240514_0915', 'lineNumber': 0, 'columnNumber': 32531}, 'time': '2024-06-01T14:59:38.760Z'}' does not contain ''error''</msg>
<arg>${message_str}</arg>
<arg>'error'</arg>
<doc>Fails if ``container`` does not contain ``item`` one or more times.</doc>
<status status="FAIL" start="2024-06-01T11:59:44.215620" elapsed="0.001001">'{'type': 'info', 'text': 'isWebGL: true, maxTextureSize: 2048', 'location': {'url': 'https://viewer.optixone.com.br/pacs/viewers/optixDev/js/GeneralConfig.js?ver=20240514_0915', 'lineNumber': 0, 'columnNumber': 32531}, 'time': '2024-06-01T14:59:38.760Z'}' does not contain ''error''</status>
</kw>
<msg time="2024-06-01T11:59:44.216621" level="INFO">${is_error} = False</msg>
<var>${is_error}</var>
<arg>Should Contain</arg>
<arg>${message_str}</arg>
<arg>'error'</arg>
<doc>Runs the given keyword with given arguments and returns the status as a Boolean value.</doc>
<status status="PASS" start="2024-06-01T11:59:44.215620" elapsed="0.002005"/>
</kw>
<kw name="Run Keyword If" owner="BuiltIn">
<arg>${is_error}</arg>
<arg>Set Test Variable</arg>
<arg>${error_found}</arg>
<arg>${True}</arg>
<doc>Runs the given keyword with the given arguments, if ``condition`` is true.</doc>
<status status="PASS" start="2024-06-01T11:59:44.217625" elapsed="0.000000"/>
</kw>
<var name="${message_dict}">{'type': 'info', 'text': 'isWebGL: true, maxTextureSize: 2048', 'location': {'url': 'https://viewer.optixone.com.br/pacs/viewers/optixDev/js/GeneralConfig.js?ver=20240514_0915', 'lineNumber': 0, 'colu...</var>
<status status="PASS" start="2024-06-01T11:59:44.212632" elapsed="0.004993"/>
</iter>
<iter>
<kw name="Convert To String" owner="BuiltIn">
<msg time="2024-06-01T11:59:44.219621" level="INFO">${message_str} = {'type': 'warning', 'text': '[.WebGL-000050CC00551500]GL Driver Message (OpenGL, Performance, GL_CLOSE_PATH_NV, High): GPU stall due to ReadPixels', 'location': {'url': 'https://viewer.optixone.com.br...</msg>
<var>${message_str}</var>
<arg>${message_dict}</arg>
<doc>Converts the given item to a Unicode string.</doc>
<status status="PASS" start="2024-06-01T11:59:44.218623" elapsed="0.000998"/>
</kw>
<kw name="Set Variable" owner="BuiltIn">
<msg time="2024-06-01T11:59:44.220621" level="INFO">${erro} = {'type': 'warning', 'text': '[.WebGL-000050CC00551500]GL Driver Message (OpenGL, Performance, GL_CLOSE_PATH_NV, High): GPU stall due to ReadPixels', 'location': {'url': 'https://viewer.optixone.com.br...</msg>
<var>${erro}</var>
<arg>${message_str}</arg>
<doc>Returns the given values which can then be assigned to a variables.</doc>
<status status="PASS" start="2024-06-01T11:59:44.219621" elapsed="0.001000"/>
</kw>
<kw name="Run Keyword And Return Status" owner="BuiltIn">
<kw name="Should Contain" owner="BuiltIn">
<msg time="2024-06-01T11:59:44.221621" level="FAIL">'{'type': 'warning', 'text': '[.WebGL-000050CC00551500]GL Driver Message (OpenGL, Performance, GL_CLOSE_PATH_NV, High): GPU stall due to ReadPixels', 'location': {'url': 'https://viewer.optixone.com.br/pacs/viewers/optixDev/?id=10001021&amp;cdi=1&amp;H=36947ad783829afc000fb6ed8a1a371e&amp;SD=022c6714d0168a2bc32f78dd921a795bbd248ca7f9aa685db8159ef82d40d893191faf787d18788d1267771a1a4a130ab5b209af9b47b7e7927aa32ef2eaec2f9c05438fc3f4758cd10786889cae520498786ee6d99289c2434487b9d2cc802567b875e4036983c78ab1452eacf71eff633d3a835e1da31686d963f059f67a636a6c23de365c410c9f78c92d25b475f4&amp;r=65618', 'lineNumber': 0, 'columnNumber': 0}, 'time': '2024-06-01T14:59:38.780Z'}' does not contain ''error''</msg>
<arg>${message_str}</arg>
<arg>'error'</arg>
<doc>Fails if ``container`` does not contain ``item`` one or more times.</doc>
<status status="FAIL" start="2024-06-01T11:59:44.221621" elapsed="0.001000">'{'type': 'warning', 'text': '[.WebGL-000050CC00551500]GL Driver Message (OpenGL, Performance, GL_CLOSE_PATH_NV, High): GPU stall due to ReadPixels', 'location': {'url': 'https://viewer.optixone.com.br/pacs/viewers/optixDev/?id=10001021&amp;cdi=1&amp;H=36947ad783829afc000fb6ed8a1a371e&amp;SD=022c6714d0168a2bc32f78dd921a795bbd248ca7f9aa685db8159ef82d40d893191faf787d18788d1267771a1a4a130ab5b209af9b47b7e7927aa32ef2eaec2f9c05438fc3f4758cd10786889cae520498786ee6d99289c2434487b9d2cc802567b875e4036983c78ab1452eacf71eff633d3a835e1da31686d963f059f67a636a6c23de365c410c9f78c92d25b475f4&amp;r=65618', 'lineNumber': 0, 'columnNumber': 0}, 'time': '2024-06-01T14:59:38.780Z'}' does not contain ''error''</status>
</kw>
<msg time="2024-06-01T11:59:44.222621" level="INFO">${is_error} = False</msg>
<var>${is_error}</var>
<arg>Should Contain</arg>
<arg>${message_str}</arg>
<arg>'error'</arg>
<doc>Runs the given keyword with given arguments and returns the status as a Boolean value.</doc>
<status status="PASS" start="2024-06-01T11:59:44.220621" elapsed="0.002000"/>
</kw>
<kw name="Run Keyword If" owner="BuiltIn">
<arg>${is_error}</arg>
<arg>Set Test Variable</arg>
<arg>${error_found}</arg>
<arg>${True}</arg>
<doc>Runs the given keyword with the given arguments, if ``condition`` is true.</doc>
<status status="PASS" start="2024-06-01T11:59:44.223621" elapsed="0.000000"/>
</kw>
<var name="${message_dict}">{'type': 'warning', 'text': '[.WebGL-000050CC00551500]GL Driver Message (OpenGL, Performance, GL_CLOSE_PATH_NV, High): GPU stall due to ReadPixels', 'location': {'url': 'https://viewer.optixone.com.br...</var>
<status status="PASS" start="2024-06-01T11:59:44.218623" elapsed="0.004998"/>
</iter>
<iter>
<kw name="Convert To String" owner="BuiltIn">
<msg time="2024-06-01T11:59:44.224626" level="INFO">${message_str} = {'type': 'log', 'text': 'Database created.', 'location': {'url': 'https://viewer.optixone.com.br/pacs/viewers/optixDev/js/MemoryControl.js?ver=20240514_0915', 'lineNumber': 0, 'columnNumber': 3082}, '...</msg>
<var>${message_str}</var>
<arg>${message_dict}</arg>
<doc>Converts the given item to a Unicode string.</doc>
<status status="PASS" start="2024-06-01T11:59:44.224626" elapsed="0.000997"/>
</kw>
<kw name="Set Variable" owner="BuiltIn">
<msg time="2024-06-01T11:59:44.225623" level="INFO">${erro} = {'type': 'log', 'text': 'Database created.', 'location': {'url': 'https://viewer.optixone.com.br/pacs/viewers/optixDev/js/MemoryControl.js?ver=20240514_0915', 'lineNumber': 0, 'columnNumber': 3082}, '...</msg>
<var>${erro}</var>
<arg>${message_str}</arg>
<doc>Returns the given values which can then be assigned to a variables.</doc>
<status status="PASS" start="2024-06-01T11:59:44.225623" elapsed="0.001000"/>
</kw>
<kw name="Run Keyword And Return Status" owner="BuiltIn">
<kw name="Should Contain" owner="BuiltIn">
<msg time="2024-06-01T11:59:44.228632" level="FAIL">'{'type': 'log', 'text': 'Database created.', 'location': {'url': 'https://viewer.optixone.com.br/pacs/viewers/optixDev/js/MemoryControl.js?ver=20240514_0915', 'lineNumber': 0, 'columnNumber': 3082}, 'time': '2024-06-01T14:59:38.845Z'}' does not contain ''error''</msg>
<arg>${message_str}</arg>
<arg>'error'</arg>
<doc>Fails if ``container`` does not contain ``item`` one or more times.</doc>
<status status="FAIL" start="2024-06-01T11:59:44.227623" elapsed="0.004000">'{'type': 'log', 'text': 'Database created.', 'location': {'url': 'https://viewer.optixone.com.br/pacs/viewers/optixDev/js/MemoryControl.js?ver=20240514_0915', 'lineNumber': 0, 'columnNumber': 3082}, 'time': '2024-06-01T14:59:38.845Z'}' does not contain ''error''</status>
</kw>
<msg time="2024-06-01T11:59:44.231623" level="INFO">${is_error} = False</msg>
<var>${is_error}</var>
<arg>Should Contain</arg>
<arg>${message_str}</arg>
<arg>'error'</arg>
<doc>Runs the given keyword with given arguments and returns the status as a Boolean value.</doc>
<status status="PASS" start="2024-06-01T11:59:44.226623" elapsed="0.006013"/>
</kw>
<kw name="Run Keyword If" owner="BuiltIn">
<arg>${is_error}</arg>
<arg>Set Test Variable</arg>
<arg>${error_found}</arg>
<arg>${True}</arg>
<doc>Runs the given keyword with the given arguments, if ``condition`` is true.</doc>
<status status="PASS" start="2024-06-01T11:59:44.233624" elapsed="0.000998"/>
</kw>
<var name="${message_dict}">{'type': 'log', 'text': 'Database created.', 'location': {'url': 'https://viewer.optixone.com.br/pacs/viewers/optixDev/js/MemoryControl.js?ver=20240514_0915', 'lineNumber': 0, 'columnNumber': 3082}, '...</var>
<status status="PASS" start="2024-06-01T11:59:44.223621" elapsed="0.011001"/>
</iter>
<iter>
<kw name="Convert To String" owner="BuiltIn">
<msg time="2024-06-01T11:59:44.235622" level="INFO">${message_str} = {'type': 'log', 'text': 'Database opened.', 'location': {'url': 'https://viewer.optixone.com.br/pacs/viewers/optixDev/js/MemoryControl.js?ver=20240514_0915', 'lineNumber': 0, 'columnNumber': 2769}, 't...</msg>
<var>${message_str}</var>
<arg>${message_dict}</arg>
<doc>Converts the given item to a Unicode string.</doc>
<status status="PASS" start="2024-06-01T11:59:44.235622" elapsed="0.000000"/>
</kw>
<kw name="Set Variable" owner="BuiltIn">
<msg time="2024-06-01T11:59:44.236620" level="INFO">${erro} = {'type': 'log', 'text': 'Database opened.', 'location': {'url': 'https://viewer.optixone.com.br/pacs/viewers/optixDev/js/MemoryControl.js?ver=20240514_0915', 'lineNumber': 0, 'columnNumber': 2769}, 't...</msg>
<var>${erro}</var>
<arg>${message_str}</arg>
<doc>Returns the given values which can then be assigned to a variables.</doc>
<status status="PASS" start="2024-06-01T11:59:44.236620" elapsed="0.000000"/>
</kw>
<kw name="Run Keyword And Return Status" owner="BuiltIn">
<kw name="Should Contain" owner="BuiltIn">
<msg time="2024-06-01T11:59:44.237621" level="FAIL">'{'type': 'log', 'text': 'Database opened.', 'location': {'url': 'https://viewer.optixone.com.br/pacs/viewers/optixDev/js/MemoryControl.js?ver=20240514_0915', 'lineNumber': 0, 'columnNumber': 2769}, 'time': '2024-06-01T14:59:38.846Z'}' does not contain ''error''</msg>
<arg>${message_str}</arg>
<arg>'error'</arg>
<doc>Fails if ``container`` does not contain ``item`` one or more times.</doc>
<status status="FAIL" start="2024-06-01T11:59:44.237621" elapsed="0.001003">'{'type': 'log', 'text': 'Database opened.', 'location': {'url': 'https://viewer.optixone.com.br/pacs/viewers/optixDev/js/MemoryControl.js?ver=20240514_0915', 'lineNumber': 0, 'columnNumber': 2769}, 'time': '2024-06-01T14:59:38.846Z'}' does not contain ''error''</status>
</kw>
<msg time="2024-06-01T11:59:44.238624" level="INFO">${is_error} = False</msg>
<var>${is_error}</var>
<arg>Should Contain</arg>
<arg>${message_str}</arg>
<arg>'error'</arg>
<doc>Runs the given keyword with given arguments and returns the status as a Boolean value.</doc>
<status status="PASS" start="2024-06-01T11:59:44.237621" elapsed="0.002000"/>
</kw>
<kw name="Run Keyword If" owner="BuiltIn">
<arg>${is_error}</arg>
<arg>Set Test Variable</arg>
<arg>${error_found}</arg>
<arg>${True}</arg>
<doc>Runs the given keyword with the given arguments, if ``condition`` is true.</doc>
<status status="PASS" start="2024-06-01T11:59:44.239621" elapsed="0.001001"/>
</kw>
<var name="${message_dict}">{'type': 'log', 'text': 'Database opened.', 'location': {'url': 'https://viewer.optixone.com.br/pacs/viewers/optixDev/js/MemoryControl.js?ver=20240514_0915', 'lineNumber': 0, 'columnNumber': 2769}, 't...</var>
<status status="PASS" start="2024-06-01T11:59:44.234622" elapsed="0.006000"/>
</iter>
<iter>
<kw name="Convert To String" owner="BuiltIn">
<msg time="2024-06-01T11:59:44.241626" level="INFO">${message_str} = {'type': 'log', 'text': 'Database disabled.', 'location': {'url': 'https://viewer.optixone.com.br/pacs/viewers/optixDev/js/MemoryControl.js?ver=20240514_0915', 'lineNumber': 0, 'columnNumber': 5016}, ...</msg>
<var>${message_str}</var>
<arg>${message_dict}</arg>
<doc>Converts the given item to a Unicode string.</doc>
<status status="PASS" start="2024-06-01T11:59:44.241626" elapsed="0.000998"/>
</kw>
<kw name="Set Variable" owner="BuiltIn">
<msg time="2024-06-01T11:59:44.243625" level="INFO">${erro} = {'type': 'log', 'text': 'Database disabled.', 'location': {'url': 'https://viewer.optixone.com.br/pacs/viewers/optixDev/js/MemoryControl.js?ver=20240514_0915', 'lineNumber': 0, 'columnNumber': 5016}, ...</msg>
<var>${erro}</var>
<arg>${message_str}</arg>
<doc>Returns the given values which can then be assigned to a variables.</doc>
<status status="PASS" start="2024-06-01T11:59:44.242624" elapsed="0.001001"/>
</kw>
<kw name="Run Keyword And Return Status" owner="BuiltIn">
<kw name="Should Contain" owner="BuiltIn">
<msg time="2024-06-01T11:59:44.245622" level="FAIL">'{'type': 'log', 'text': 'Database disabled.', 'location': {'url': 'https://viewer.optixone.com.br/pacs/viewers/optixDev/js/MemoryControl.js?ver=20240514_0915', 'lineNumber': 0, 'columnNumber': 5016}, 'time': '2024-06-01T14:59:38.848Z'}' does not contain ''error''</msg>
<arg>${message_str}</arg>
<arg>'error'</arg>
<doc>Fails if ``container`` does not contain ``item`` one or more times.</doc>
<status status="FAIL" start="2024-06-01T11:59:44.244625" elapsed="0.001997">'{'type': 'log', 'text': 'Database disabled.', 'location': {'url': 'https://viewer.optixone.com.br/pacs/viewers/optixDev/js/MemoryControl.js?ver=20240514_0915', 'lineNumber': 0, 'columnNumber': 5016}, 'time': '2024-06-01T14:59:38.848Z'}' does not contain ''error''</status>
</kw>
<msg time="2024-06-01T11:59:44.246622" level="INFO">${is_error} = False</msg>
<var>${is_error}</var>
<arg>Should Contain</arg>
<arg>${message_str}</arg>
<arg>'error'</arg>
<doc>Runs the given keyword with given arguments and returns the status as a Boolean value.</doc>
<status status="PASS" start="2024-06-01T11:59:44.244625" elapsed="0.001997"/>
</kw>
<kw name="Run Keyword If" owner="BuiltIn">
<arg>${is_error}</arg>
<arg>Set Test Variable</arg>
<arg>${error_found}</arg>
<arg>${True}</arg>
<doc>Runs the given keyword with the given arguments, if ``condition`` is true.</doc>
<status status="PASS" start="2024-06-01T11:59:44.246622" elapsed="0.000998"/>
</kw>
<var name="${message_dict}">{'type': 'log', 'text': 'Database disabled.', 'location': {'url': 'https://viewer.optixone.com.br/pacs/viewers/optixDev/js/MemoryControl.js?ver=20240514_0915', 'lineNumber': 0, 'columnNumber': 5016}, ...</var>
<status status="PASS" start="2024-06-01T11:59:44.240622" elapsed="0.006998"/>
</iter>
<iter>
<kw name="Convert To String" owner="BuiltIn">
<msg time="2024-06-01T11:59:44.248621" level="INFO">${message_str} = {'type': 'info', 'text': 'Initializing 4 simultaneous JPEG downloads.', 'location': {'url': 'https://viewer.optixone.com.br/pacs/viewers/optixDev/js/JPEGs.js?ver=20240514_0915', 'lineNumber': 0, 'colu...</msg>
<var>${message_str}</var>
<arg>${message_dict}</arg>
<doc>Converts the given item to a Unicode string.</doc>
<status status="PASS" start="2024-06-01T11:59:44.247620" elapsed="0.001001"/>
</kw>
<kw name="Set Variable" owner="BuiltIn">
<msg time="2024-06-01T11:59:44.250624" level="INFO">${erro} = {'type': 'info', 'text': 'Initializing 4 simultaneous JPEG downloads.', 'location': {'url': 'https://viewer.optixone.com.br/pacs/viewers/optixDev/js/JPEGs.js?ver=20240514_0915', 'lineNumber': 0, 'colu...</msg>
<var>${erro}</var>
<arg>${message_str}</arg>
<doc>Returns the given values which can then be assigned to a variables.</doc>
<status status="PASS" start="2024-06-01T11:59:44.249630" elapsed="0.000994"/>
</kw>
<kw name="Run Keyword And Return Status" owner="BuiltIn">
<kw name="Should Contain" owner="BuiltIn">
<msg time="2024-06-01T11:59:44.252622" level="FAIL">'{'type': 'info', 'text': 'Initializing 4 simultaneous JPEG downloads.', 'location': {'url': 'https://viewer.optixone.com.br/pacs/viewers/optixDev/js/JPEGs.js?ver=20240514_0915', 'lineNumber': 0, 'columnNumber': 6507}, 'time': '2024-06-01T14:59:38.854Z'}' does not contain ''error''</msg>
<arg>${message_str}</arg>
<arg>'error'</arg>
<doc>Fails if ``container`` does not contain ``item`` one or more times.</doc>
<status status="FAIL" start="2024-06-01T11:59:44.251621" elapsed="0.001001">'{'type': 'info', 'text': 'Initializing 4 simultaneous JPEG downloads.', 'location': {'url': 'https://viewer.optixone.com.br/pacs/viewers/optixDev/js/JPEGs.js?ver=20240514_0915', 'lineNumber': 0, 'columnNumber': 6507}, 'time': '2024-06-01T14:59:38.854Z'}' does not contain ''error''</status>
</kw>
<msg time="2024-06-01T11:59:44.252622" level="INFO">${is_error} = False</msg>
<var>${is_error}</var>
<arg>Should Contain</arg>
<arg>${message_str}</arg>
<arg>'error'</arg>
<doc>Runs the given keyword with given arguments and returns the status as a Boolean value.</doc>
<status status="PASS" start="2024-06-01T11:59:44.251621" elapsed="0.002003"/>
</kw>
<kw name="Run Keyword If" owner="BuiltIn">
<arg>${is_error}</arg>
<arg>Set Test Variable</arg>
<arg>${error_found}</arg>
<arg>${True}</arg>
<doc>Runs the given keyword with the given arguments, if ``condition`` is true.</doc>
<status status="PASS" start="2024-06-01T11:59:44.253624" elapsed="0.000996"/>
</kw>
<var name="${message_dict}">{'type': 'info', 'text': 'Initializing 4 simultaneous JPEG downloads.', 'location': {'url': 'https://viewer.optixone.com.br/pacs/viewers/optixDev/js/JPEGs.js?ver=20240514_0915', 'lineNumber': 0, 'colu...</var>
<status status="PASS" start="2024-06-01T11:59:44.247620" elapsed="0.007000"/>
</iter>
<iter>
<kw name="Convert To String" owner="BuiltIn">
<msg time="2024-06-01T11:59:44.255626" level="INFO">${message_str} = {'type': 'info', 'text': 'Initializing 3 workers to Download.', 'location': {'url': 'https://viewer.optixone.com.br/pacs/viewers/optixDev/js/OV.js?ver=20240514_0915', 'lineNumber': 0, 'columnNumber': ...</msg>
<var>${message_str}</var>
<arg>${message_dict}</arg>
<doc>Converts the given item to a Unicode string.</doc>
<status status="PASS" start="2024-06-01T11:59:44.254620" elapsed="0.001006"/>
</kw>
<kw name="Set Variable" owner="BuiltIn">
<msg time="2024-06-01T11:59:44.256622" level="INFO">${erro} = {'type': 'info', 'text': 'Initializing 3 workers to Download.', 'location': {'url': 'https://viewer.optixone.com.br/pacs/viewers/optixDev/js/OV.js?ver=20240514_0915', 'lineNumber': 0, 'columnNumber': ...</msg>
<var>${erro}</var>
<arg>${message_str}</arg>
<doc>Returns the given values which can then be assigned to a variables.</doc>
<status status="PASS" start="2024-06-01T11:59:44.255626" elapsed="0.000996"/>
</kw>
<kw name="Run Keyword And Return Status" owner="BuiltIn">
<kw name="Should Contain" owner="BuiltIn">
<msg time="2024-06-01T11:59:44.257622" level="FAIL">'{'type': 'info', 'text': 'Initializing 3 workers to Download.', 'location': {'url': 'https://viewer.optixone.com.br/pacs/viewers/optixDev/js/OV.js?ver=20240514_0915', 'lineNumber': 0, 'columnNumber': 40157}, 'time': '2024-06-01T14:59:39.057Z'}' does not contain ''error''</msg>
<arg>${message_str}</arg>
<arg>'error'</arg>
<doc>Fails if ``container`` does not contain ``item`` one or more times.</doc>
<status status="FAIL" start="2024-06-01T11:59:44.257622" elapsed="0.001001">'{'type': 'info', 'text': 'Initializing 3 workers to Download.', 'location': {'url': 'https://viewer.optixone.com.br/pacs/viewers/optixDev/js/OV.js?ver=20240514_0915', 'lineNumber': 0, 'columnNumber': 40157}, 'time': '2024-06-01T14:59:39.057Z'}' does not contain ''error''</status>
</kw>
<msg time="2024-06-01T11:59:44.258623" level="INFO">${is_error} = False</msg>
<var>${is_error}</var>
<arg>Should Contain</arg>
<arg>${message_str}</arg>
<arg>'error'</arg>
<doc>Runs the given keyword with given arguments and returns the status as a Boolean value.</doc>
<status status="PASS" start="2024-06-01T11:59:44.256622" elapsed="0.002001"/>
</kw>
<kw name="Run Keyword If" owner="BuiltIn">
<arg>${is_error}</arg>
<arg>Set Test Variable</arg>
<arg>${error_found}</arg>
<arg>${True}</arg>
<doc>Runs the given keyword with the given arguments, if ``condition`` is true.</doc>
<status status="PASS" start="2024-06-01T11:59:44.259622" elapsed="0.000000"/>
</kw>
<var name="${message_dict}">{'type': 'info', 'text': 'Initializing 3 workers to Download.', 'location': {'url': 'https://viewer.optixone.com.br/pacs/viewers/optixDev/js/OV.js?ver=20240514_0915', 'lineNumber': 0, 'columnNumber': ...</var>
<status status="PASS" start="2024-06-01T11:59:44.254620" elapsed="0.006002"/>
</iter>
<iter>
<kw name="Convert To String" owner="BuiltIn">
<msg time="2024-06-01T11:59:44.261623" level="INFO">${message_str} = {'type': 'info', 'text': 'Initializing 2 workers to Decode.', 'location': {'url': 'https://viewer.optixone.com.br/pacs/viewers/optixDev/js/OV.js?ver=20240514_0915', 'lineNumber': 0, 'columnNumber': 40...</msg>
<var>${message_str}</var>
<arg>${message_dict}</arg>
<doc>Converts the given item to a Unicode string.</doc>
<status status="PASS" start="2024-06-01T11:59:44.260622" elapsed="0.001001"/>
</kw>
<kw name="Set Variable" owner="BuiltIn">
<msg time="2024-06-01T11:59:44.262625" level="INFO">${erro} = {'type': 'info', 'text': 'Initializing 2 workers to Decode.', 'location': {'url': 'https://viewer.optixone.com.br/pacs/viewers/optixDev/js/OV.js?ver=20240514_0915', 'lineNumber': 0, 'columnNumber': 40...</msg>
<var>${erro}</var>
<arg>${message_str}</arg>
<doc>Returns the given values which can then be assigned to a variables.</doc>
<status status="PASS" start="2024-06-01T11:59:44.262625" elapsed="0.000000"/>
</kw>
<kw name="Run Keyword And Return Status" owner="BuiltIn">
<kw name="Should Contain" owner="BuiltIn">
<msg time="2024-06-01T11:59:44.264630" level="FAIL">'{'type': 'info', 'text': 'Initializing 2 workers to Decode.', 'location': {'url': 'https://viewer.optixone.com.br/pacs/viewers/optixDev/js/OV.js?ver=20240514_0915', 'lineNumber': 0, 'columnNumber': 40592}, 'time': '2024-06-01T14:59:39.057Z'}' does not contain ''error''</msg>
<arg>${message_str}</arg>
<arg>'error'</arg>
<doc>Fails if ``container`` does not contain ``item`` one or more times.</doc>
<status status="FAIL" start="2024-06-01T11:59:44.263625" elapsed="0.001764">'{'type': 'info', 'text': 'Initializing 2 workers to Decode.', 'location': {'url': 'https://viewer.optixone.com.br/pacs/viewers/optixDev/js/OV.js?ver=20240514_0915', 'lineNumber': 0, 'columnNumber': 40592}, 'time': '2024-06-01T14:59:39.057Z'}' does not contain ''error''</status>
</kw>
<msg time="2024-06-01T11:59:44.265389" level="INFO">${is_error} = False</msg>
<var>${is_error}</var>
<arg>Should Contain</arg>
<arg>${message_str}</arg>
<arg>'error'</arg>
<doc>Runs the given keyword with given arguments and returns the status as a Boolean value.</doc>
<status status="PASS" start="2024-06-01T11:59:44.262625" elapsed="0.003779"/>
</kw>
<kw name="Run Keyword If" owner="BuiltIn">
<arg>${is_error}</arg>
<arg>Set Test Variable</arg>
<arg>${error_found}</arg>
<arg>${True}</arg>
<doc>Runs the given keyword with the given arguments, if ``condition`` is true.</doc>
<status status="PASS" start="2024-06-01T11:59:44.266404" elapsed="0.000000"/>
</kw>
<var name="${message_dict}">{'type': 'info', 'text': 'Initializing 2 workers to Decode.', 'location': {'url': 'https://viewer.optixone.com.br/pacs/viewers/optixDev/js/OV.js?ver=20240514_0915', 'lineNumber': 0, 'columnNumber': 40...</var>
<status status="PASS" start="2024-06-01T11:59:44.260622" elapsed="0.006777"/>
</iter>
<iter>
<kw name="Convert To String" owner="BuiltIn">
<msg time="2024-06-01T11:59:44.268400" level="INFO">${message_str} = {'type': 'info', 'text': 'Worker[0] setParam - debug: false, useFetchAPI: 1, lang: pt-BR, serverName: /pacs/', 'location': {'url': 'https://viewer.optixone.com.br/pacs/viewers/optixDev/js/workerDownlo...</msg>
<var>${message_str}</var>
<arg>${message_dict}</arg>
<doc>Converts the given item to a Unicode string.</doc>
<status status="PASS" start="2024-06-01T11:59:44.267399" elapsed="0.001001"/>
</kw>
<kw name="Set Variable" owner="BuiltIn">
<msg time="2024-06-01T11:59:44.269411" level="INFO">${erro} = {'type': 'info', 'text': 'Worker[0] setParam - debug: false, useFetchAPI: 1, lang: pt-BR, serverName: /pacs/', 'location': {'url': 'https://viewer.optixone.com.br/pacs/viewers/optixDev/js/workerDownlo...</msg>
<var>${erro}</var>
<arg>${message_str}</arg>
<doc>Returns the given values which can then be assigned to a variables.</doc>
<status status="PASS" start="2024-06-01T11:59:44.268400" elapsed="0.001011"/>
</kw>
<kw name="Run Keyword And Return Status" owner="BuiltIn">
<kw name="Should Contain" owner="BuiltIn">
<msg time="2024-06-01T11:59:44.270403" level="FAIL">'{'type': 'info', 'text': 'Worker[0] setParam - debug: false, useFetchAPI: 1, lang: pt-BR, serverName: /pacs/', 'location': {'url': 'https://viewer.optixone.com.br/pacs/viewers/optixDev/js/workerDownload.js?ver=20240514_0915', 'lineNumber': 0, 'columnNumber': 8214}, 'time': '2024-06-01T14:59:39.111Z'}' does not contain ''error''</msg>
<arg>${message_str}</arg>
<arg>'error'</arg>
<doc>Fails if ``container`` does not contain ``item`` one or more times.</doc>
<status status="FAIL" start="2024-06-01T11:59:44.269411" elapsed="0.000992">'{'type': 'info', 'text': 'Worker[0] setParam - debug: false, useFetchAPI: 1, lang: pt-BR, serverName: /pacs/', 'location': {'url': 'https://viewer.optixone.com.br/pacs/viewers/optixDev/js/workerDownload.js?ver=20240514_0915', 'lineNumber': 0, 'columnNumber': 8214}, 'time': '2024-06-01T14:59:39.111Z'}' does not contain ''error''</status>
</kw>
<msg time="2024-06-01T11:59:44.270403" level="INFO">${is_error} = False</msg>
<var>${is_error}</var>
<arg>Should Contain</arg>
<arg>${message_str}</arg>
<arg>'error'</arg>
<doc>Runs the given keyword with given arguments and returns the status as a Boolean value.</doc>
<status status="PASS" start="2024-06-01T11:59:44.269411" elapsed="0.001993"/>
</kw>
<kw name="Run Keyword If" owner="BuiltIn">
<arg>${is_error}</arg>
<arg>Set Test Variable</arg>
<arg>${error_found}</arg>
<arg>${True}</arg>
<doc>Runs the given keyword with the given arguments, if ``condition`` is true.</doc>
<status status="PASS" start="2024-06-01T11:59:44.271404" elapsed="0.000000"/>
</kw>
<var name="${message_dict}">{'type': 'info', 'text': 'Worker[0] setParam - debug: false, useFetchAPI: 1, lang: pt-BR, serverName: /pacs/', 'location': {'url': 'https://viewer.optixone.com.br/pacs/viewers/optixDev/js/workerDownlo...</var>
<status status="PASS" start="2024-06-01T11:59:44.267399" elapsed="0.004005"/>
</iter>
<iter>
<kw name="Convert To String" owner="BuiltIn">
<msg time="2024-06-01T11:59:44.273399" level="INFO">${message_str} = {'type': 'info', 'text': 'Worker[0] setParam - agentVersion: 6.6', 'location': {'url': 'https://viewer.optixone.com.br/pacs/viewers/optixDev/js/workerDownload.js?ver=20240514_0915', 'lineNumber': 0, '...</msg>
<var>${message_str}</var>
<arg>${message_dict}</arg>
<doc>Converts the given item to a Unicode string.</doc>
<status status="PASS" start="2024-06-01T11:59:44.272402" elapsed="0.000997"/>
</kw>
<kw name="Set Variable" owner="BuiltIn">
<msg time="2024-06-01T11:59:44.273399" level="INFO">${erro} = {'type': 'info', 'text': 'Worker[0] setParam - agentVersion: 6.6', 'location': {'url': 'https://viewer.optixone.com.br/pacs/viewers/optixDev/js/workerDownload.js?ver=20240514_0915', 'lineNumber': 0, '...</msg>
<var>${erro}</var>
<arg>${message_str}</arg>
<doc>Returns the given values which can then be assigned to a variables.</doc>
<status status="PASS" start="2024-06-01T11:59:44.273399" elapsed="0.001001"/>
</kw>
<kw name="Run Keyword And Return Status" owner="BuiltIn">
<kw name="Should Contain" owner="BuiltIn">
<msg time="2024-06-01T11:59:44.275399" level="FAIL">'{'type': 'info', 'text': 'Worker[0] setParam - agentVersion: 6.6', 'location': {'url': 'https://viewer.optixone.com.br/pacs/viewers/optixDev/js/workerDownload.js?ver=20240514_0915', 'lineNumber': 0, 'columnNumber': 8214}, 'time': '2024-06-01T14:59:39.111Z'}' does not contain ''error''</msg>
<arg>${message_str}</arg>
<arg>'error'</arg>
<doc>Fails if ``container`` does not contain ``item`` one or more times.</doc>
<status status="FAIL" start="2024-06-01T11:59:44.275399" elapsed="0.001268">'{'type': 'info', 'text': 'Worker[0] setParam - agentVersion: 6.6', 'location': {'url': 'https://viewer.optixone.com.br/pacs/viewers/optixDev/js/workerDownload.js?ver=20240514_0915', 'lineNumber': 0, 'columnNumber': 8214}, 'time': '2024-06-01T14:59:39.111Z'}' does not contain ''error''</status>
</kw>
<msg time="2024-06-01T11:59:44.276667" level="INFO">${is_error} = False</msg>
<var>${is_error}</var>
<arg>Should Contain</arg>
<arg>${message_str}</arg>
<arg>'error'</arg>
<doc>Runs the given keyword with given arguments and returns the status as a Boolean value.</doc>
<status status="PASS" start="2024-06-01T11:59:44.274400" elapsed="0.003266"/>
</kw>
<kw name="Run Keyword If" owner="BuiltIn">
<arg>${is_error}</arg>
<arg>Set Test Variable</arg>
<arg>${error_found}</arg>
<arg>${True}</arg>
<doc>Runs the given keyword with the given arguments, if ``condition`` is true.</doc>
<status status="PASS" start="2024-06-01T11:59:44.277666" elapsed="0.000000"/>
</kw>
<var name="${message_dict}">{'type': 'info', 'text': 'Worker[0] setParam - agentVersion: 6.6', 'location': {'url': 'https://viewer.optixone.com.br/pacs/viewers/optixDev/js/workerDownload.js?ver=20240514_0915', 'lineNumber': 0, '...</var>
<status status="PASS" start="2024-06-01T11:59:44.272402" elapsed="0.006263"/>
</iter>
<iter>
<kw name="Convert To String" owner="BuiltIn">
<msg time="2024-06-01T11:59:44.278665" level="INFO">${message_str} = {'type': 'info', 'text': 'Worker[0] setParam - TeleId: 10001021, serverName: /pacs/, cdi: 1, offline: 0, AwsCloudfrontURL: https://d3elect311n9zz.cloudfront.net, AwsALBURL: https://optixone.com.br, Aw...</msg>
<var>${message_str}</var>
<arg>${message_dict}</arg>
<doc>Converts the given item to a Unicode string.</doc>
<status status="PASS" start="2024-06-01T11:59:44.278665" elapsed="0.001000"/>
</kw>
<kw name="Set Variable" owner="BuiltIn">
<msg time="2024-06-01T11:59:44.280679" level="INFO">${erro} = {'type': 'info', 'text': 'Worker[0] setParam - TeleId: 10001021, serverName: /pacs/, cdi: 1, offline: 0, AwsCloudfrontURL: https://d3elect311n9zz.cloudfront.net, AwsALBURL: https://optixone.com.br, Aw...</msg>
<var>${erro}</var>
<arg>${message_str}</arg>
<doc>Returns the given values which can then be assigned to a variables.</doc>
<status status="PASS" start="2024-06-01T11:59:44.279665" elapsed="0.002000"/>
</kw>
<kw name="Run Keyword And Return Status" owner="BuiltIn">
<kw name="Should Contain" owner="BuiltIn">
<msg time="2024-06-01T11:59:44.282664" level="FAIL">'{'type': 'info', 'text': 'Worker[0] setParam - TeleId: 10001021, serverName: /pacs/, cdi: 1, offline: 0, AwsCloudfrontURL: https://d3elect311n9zz.cloudfront.net, AwsALBURL: https://optixone.com.br, AwsBucketURL: https://optixpacsimages.s3.sa-east-1.amazonaws.com, wadoDownload: CF, TeleStatus: READY', 'location': {'url': 'https://viewer.optixone.com.br/pacs/viewers/optixDev/js/workerDownload.js?ver=20240514_0915', 'lineNumber': 0, 'columnNumber': 8214}, 'time': '2024-06-01T14:59:39.206Z'}' does not contain ''error''</msg>
<arg>${message_str}</arg>
<arg>'error'</arg>
<doc>Fails if ``container`` does not contain ``item`` one or more times.</doc>
<status status="FAIL" start="2024-06-01T11:59:44.281665" elapsed="0.002004">'{'type': 'info', 'text': 'Worker[0] setParam - TeleId: 10001021, serverName: /pacs/, cdi: 1, offline: 0, AwsCloudfrontURL: https://d3elect311n9zz.cloudfront.net, AwsALBURL: https://optixone.com.br, AwsBucketURL: https://optixpacsimages.s3.sa-east-1.amazonaws.com, wadoDownload: CF, TeleStatus: READY', 'location': {'url': 'https://viewer.optixone.com.br/pacs/viewers/optixDev/js/workerDownload.js?ver=20240514_0915', 'lineNumber': 0, 'columnNumber': 8214}, 'time': '2024-06-01T14:59:39.206Z'}' does not contain ''error''</status>
</kw>
<msg time="2024-06-01T11:59:44.283669" level="INFO">${is_error} = False</msg>
<var>${is_error}</var>
<arg>Should Contain</arg>
<arg>${message_str}</arg>
<arg>'error'</arg>
<doc>Runs the given keyword with given arguments and returns the status as a Boolean value.</doc>
<status status="PASS" start="2024-06-01T11:59:44.281665" elapsed="0.002004"/>
</kw>
<kw name="Run Keyword If" owner="BuiltIn">
<arg>${is_error}</arg>
<arg>Set Test Variable</arg>
<arg>${error_found}</arg>
<arg>${True}</arg>
<doc>Runs the given keyword with the given arguments, if ``condition`` is true.</doc>
<status status="PASS" start="2024-06-01T11:59:44.283669" elapsed="0.001012"/>
</kw>
<var name="${message_dict}">{'type': 'info', 'text': 'Worker[0] setParam - TeleId: 10001021, serverName: /pacs/, cdi: 1, offline: 0, AwsCloudfrontURL: https://d3elect311n9zz.cloudfront.net, AwsALBURL: https://optixone.com.br, Aw...</var>
<status status="PASS" start="2024-06-01T11:59:44.278665" elapsed="0.007006"/>
</iter>
<iter>
<kw name="Convert To String" owner="BuiltIn">
<msg time="2024-06-01T11:59:44.286667" level="INFO">${message_str} = {'type': 'warning', 'text': '[.WebGL-000050CC00551500]GL Driver Message (OpenGL, Performance, GL_CLOSE_PATH_NV, High): GPU stall due to ReadPixels', 'location': {'url': 'https://viewer.optixone.com.br...</msg>
<var>${message_str}</var>
<arg>${message_dict}</arg>
<doc>Converts the given item to a Unicode string.</doc>
<status status="PASS" start="2024-06-01T11:59:44.285671" elapsed="0.000996"/>
</kw>
<kw name="Set Variable" owner="BuiltIn">
<msg time="2024-06-01T11:59:44.286667" level="INFO">${erro} = {'type': 'warning', 'text': '[.WebGL-000050CC00551500]GL Driver Message (OpenGL, Performance, GL_CLOSE_PATH_NV, High): GPU stall due to ReadPixels', 'location': {'url': 'https://viewer.optixone.com.br...</msg>
<var>${erro}</var>
<arg>${message_str}</arg>
<doc>Returns the given values which can then be assigned to a variables.</doc>
<status status="PASS" start="2024-06-01T11:59:44.286667" elapsed="0.001003"/>
</kw>
<kw name="Run Keyword And Return Status" owner="BuiltIn">
<kw name="Should Contain" owner="BuiltIn">
<msg time="2024-06-01T11:59:44.288666" level="FAIL">'{'type': 'warning', 'text': '[.WebGL-000050CC00551500]GL Driver Message (OpenGL, Performance, GL_CLOSE_PATH_NV, High): GPU stall due to ReadPixels', 'location': {'url': 'https://viewer.optixone.com.br/pacs/viewers/optixDev/?id=10001021&amp;cdi=1&amp;H=36947ad783829afc000fb6ed8a1a371e&amp;SD=022c6714d0168a2bc32f78dd921a795bbd248ca7f9aa685db8159ef82d40d893191faf787d18788d1267771a1a4a130ab5b209af9b47b7e7927aa32ef2eaec2f9c05438fc3f4758cd10786889cae520498786ee6d99289c2434487b9d2cc802567b875e4036983c78ab1452eacf71eff633d3a835e1da31686d963f059f67a636a6c23de365c410c9f78c92d25b475f4&amp;r=65618', 'lineNumber': 0, 'columnNumber': 0}, 'time': '2024-06-01T14:59:39.372Z'}' does not contain ''error''</msg>
<arg>${message_str}</arg>
<arg>'error'</arg>
<doc>Fails if ``container`` does not contain ``item`` one or more times.</doc>
<status status="FAIL" start="2024-06-01T11:59:44.287670" elapsed="0.000996">'{'type': 'warning', 'text': '[.WebGL-000050CC00551500]GL Driver Message (OpenGL, Performance, GL_CLOSE_PATH_NV, High): GPU stall due to ReadPixels', 'location': {'url': 'https://viewer.optixone.com.br/pacs/viewers/optixDev/?id=10001021&amp;cdi=1&amp;H=36947ad783829afc000fb6ed8a1a371e&amp;SD=022c6714d0168a2bc32f78dd921a795bbd248ca7f9aa685db8159ef82d40d893191faf787d18788d1267771a1a4a130ab5b209af9b47b7e7927aa32ef2eaec2f9c05438fc3f4758cd10786889cae520498786ee6d99289c2434487b9d2cc802567b875e4036983c78ab1452eacf71eff633d3a835e1da31686d963f059f67a636a6c23de365c410c9f78c92d25b475f4&amp;r=65618', 'lineNumber': 0, 'columnNumber': 0}, 'time': '2024-06-01T14:59:39.372Z'}' does not contain ''error''</status>
</kw>
<msg time="2024-06-01T11:59:44.289669" level="INFO">${is_error} = False</msg>
<var>${is_error}</var>
<arg>Should Contain</arg>
<arg>${message_str}</arg>
<arg>'error'</arg>
<doc>Runs the given keyword with given arguments and returns the status as a Boolean value.</doc>
<status status="PASS" start="2024-06-01T11:59:44.287670" elapsed="0.001999"/>
</kw>
<kw name="Run Keyword If" owner="BuiltIn">
<arg>${is_error}</arg>
<arg>Set Test Variable</arg>
<arg>${error_found}</arg>
<arg>${True}</arg>
<doc>Runs the given keyword with the given arguments, if ``condition`` is true.</doc>
<status status="PASS" start="2024-06-01T11:59:44.289669" elapsed="0.001002"/>
</kw>
<var name="${message_dict}">{'type': 'warning', 'text': '[.WebGL-000050CC00551500]GL Driver Message (OpenGL, Performance, GL_CLOSE_PATH_NV, High): GPU stall due to ReadPixels', 'location': {'url': 'https://viewer.optixone.com.br...</var>
<status status="PASS" start="2024-06-01T11:59:44.285671" elapsed="0.005000"/>
</iter>
<iter>
<kw name="Convert To String" owner="BuiltIn">
<msg time="2024-06-01T11:59:44.291668" level="INFO">${message_str} = {'type': 'info', 'text': 'Worker[0] setParam - TeleId: 10001020, serverName: /pacs/, cdi: 1, offline: 0, AwsCloudfrontURL: https://d3elect311n9zz.cloudfront.net, AwsALBURL: https://optixone.com.br, Aw...</msg>
<var>${message_str}</var>
<arg>${message_dict}</arg>
<doc>Converts the given item to a Unicode string.</doc>
<status status="PASS" start="2024-06-01T11:59:44.290671" elapsed="0.000997"/>
</kw>
<kw name="Set Variable" owner="BuiltIn">
<msg time="2024-06-01T11:59:44.292670" level="INFO">${erro} = {'type': 'info', 'text': 'Worker[0] setParam - TeleId: 10001020, serverName: /pacs/, cdi: 1, offline: 0, AwsCloudfrontURL: https://d3elect311n9zz.cloudfront.net, AwsALBURL: https://optixone.com.br, Aw...</msg>
<var>${erro}</var>
<arg>${message_str}</arg>
<doc>Returns the given values which can then be assigned to a variables.</doc>
<status status="PASS" start="2024-06-01T11:59:44.291668" elapsed="0.001002"/>
</kw>
<kw name="Run Keyword And Return Status" owner="BuiltIn">
<kw name="Should Contain" owner="BuiltIn">
<msg time="2024-06-01T11:59:44.294666" level="FAIL">'{'type': 'info', 'text': 'Worker[0] setParam - TeleId: 10001020, serverName: /pacs/, cdi: 1, offline: 0, AwsCloudfrontURL: https://d3elect311n9zz.cloudfront.net, AwsALBURL: https://optixone.com.br, AwsBucketURL: https://optixpacsimages.s3.sa-east-1.amazonaws.com, wadoDownload: CF', 'location': {'url': 'https://viewer.optixone.com.br/pacs/viewers/optixDev/js/workerDownload.js?ver=20240514_0915', 'lineNumber': 0, 'columnNumber': 8214}, 'time': '2024-06-01T14:59:39.394Z'}' does not contain ''error''</msg>
<arg>${message_str}</arg>
<arg>'error'</arg>
<doc>Fails if ``container`` does not contain ``item`` one or more times.</doc>
<status status="FAIL" start="2024-06-01T11:59:44.293666" elapsed="0.001999">'{'type': 'info', 'text': 'Worker[0] setParam - TeleId: 10001020, serverName: /pacs/, cdi: 1, offline: 0, AwsCloudfrontURL: https://d3elect311n9zz.cloudfront.net, AwsALBURL: https://optixone.com.br, AwsBucketURL: https://optixpacsimages.s3.sa-east-1.amazonaws.com, wadoDownload: CF', 'location': {'url': 'https://viewer.optixone.com.br/pacs/viewers/optixDev/js/workerDownload.js?ver=20240514_0915', 'lineNumber': 0, 'columnNumber': 8214}, 'time': '2024-06-01T14:59:39.394Z'}' does not contain ''error''</status>
</kw>
<msg time="2024-06-01T11:59:44.295665" level="INFO">${is_error} = False</msg>
<var>${is_error}</var>
<arg>Should Contain</arg>
<arg>${message_str}</arg>
<arg>'error'</arg>
<doc>Runs the given keyword with given arguments and returns the status as a Boolean value.</doc>
<status status="PASS" start="2024-06-01T11:59:44.293666" elapsed="0.003001"/>
</kw>
<kw name="Run Keyword If" owner="BuiltIn">
<arg>${is_error}</arg>
<arg>Set Test Variable</arg>
<arg>${error_found}</arg>
<arg>${True}</arg>
<doc>Runs the given keyword with the given arguments, if ``condition`` is true.</doc>
<status status="PASS" start="2024-06-01T11:59:44.296667" elapsed="0.001008"/>
</kw>
<var name="${message_dict}">{'type': 'info', 'text': 'Worker[0] setParam - TeleId: 10001020, serverName: /pacs/, cdi: 1, offline: 0, AwsCloudfrontURL: https://d3elect311n9zz.cloudfront.net, AwsALBURL: https://optixone.com.br, Aw...</var>
<status status="PASS" start="2024-06-01T11:59:44.290671" elapsed="0.008001"/>
</iter>
<iter>
<kw name="Convert To String" owner="BuiltIn">
<msg time="2024-06-01T11:59:44.299668" level="INFO">${message_str} = {'type': 'info', 'text': 'Worker[0] setParam - debug: false, useFetchAPI: 1, lang: pt-BR, localDatabase: 0, J2Kdecompress: WASM', 'location': {'url': 'https://viewer.optixone.com.br/pacs/viewers/optix...</msg>
<var>${message_str}</var>
<arg>${message_dict}</arg>
<doc>Converts the given item to a Unicode string.</doc>
<status status="PASS" start="2024-06-01T11:59:44.298672" elapsed="0.000996"/>
</kw>
<kw name="Set Variable" owner="BuiltIn">
<msg time="2024-06-01T11:59:44.300669" level="INFO">${erro} = {'type': 'info', 'text': 'Worker[0] setParam - debug: false, useFetchAPI: 1, lang: pt-BR, localDatabase: 0, J2Kdecompress: WASM', 'location': {'url': 'https://viewer.optixone.com.br/pacs/viewers/optix...</msg>
<var>${erro}</var>
<arg>${message_str}</arg>
<doc>Returns the given values which can then be assigned to a variables.</doc>
<status status="PASS" start="2024-06-01T11:59:44.300669" elapsed="0.000999"/>
</kw>
<kw name="Run Keyword And Return Status" owner="BuiltIn">
<kw name="Should Contain" owner="BuiltIn">
<msg time="2024-06-01T11:59:44.302677" level="FAIL">'{'type': 'info', 'text': 'Worker[0] setParam - debug: false, useFetchAPI: 1, lang: pt-BR, localDatabase: 0, J2Kdecompress: WASM', 'location': {'url': 'https://viewer.optixone.com.br/pacs/viewers/optixDev/js/workerDecode.js?ver=20240514_0915', 'lineNumber': 0, 'columnNumber': 16041}, 'time': '2024-06-01T14:59:39.400Z'}' does not contain ''error''</msg>
<arg>${message_str}</arg>
<arg>'error'</arg>
<doc>Fails if ``container`` does not contain ``item`` one or more times.</doc>
<status status="FAIL" start="2024-06-01T11:59:44.302677" elapsed="0.000990">'{'type': 'info', 'text': 'Worker[0] setParam - debug: false, useFetchAPI: 1, lang: pt-BR, localDatabase: 0, J2Kdecompress: WASM', 'location': {'url': 'https://viewer.optixone.com.br/pacs/viewers/optixDev/js/workerDecode.js?ver=20240514_0915', 'lineNumber': 0, 'columnNumber': 16041}, 'time': '2024-06-01T14:59:39.400Z'}' does not contain ''error''</status>
</kw>
<msg time="2024-06-01T11:59:44.303667" level="INFO">${is_error} = False</msg>
<var>${is_error}</var>
<arg>Should Contain</arg>
<arg>${message_str}</arg>
<arg>'error'</arg>
<doc>Runs the given keyword with given arguments and returns the status as a Boolean value.</doc>
<status status="PASS" start="2024-06-01T11:59:44.301668" elapsed="0.002999"/>
</kw>
<kw name="Run Keyword If" owner="BuiltIn">
<arg>${is_error}</arg>
<arg>Set Test Variable</arg>
<arg>${error_found}</arg>
<arg>${True}</arg>
<doc>Runs the given keyword with the given arguments, if ``condition`` is true.</doc>
<status status="PASS" start="2024-06-01T11:59:44.304667" elapsed="0.000000"/>
</kw>
<var name="${message_dict}">{'type': 'info', 'text': 'Worker[0] setParam - debug: false, useFetchAPI: 1, lang: pt-BR, localDatabase: 0, J2Kdecompress: WASM', 'location': {'url': 'https://viewer.optixone.com.br/pacs/viewers/optix...</var>
<status status="PASS" start="2024-06-01T11:59:44.298672" elapsed="0.006993"/>
</iter>
<iter>
<kw name="Convert To String" owner="BuiltIn">
<msg time="2024-06-01T11:59:44.306665" level="INFO">${message_str} = {'type': 'info', 'text': 'Worker[0] setParam - agentVersion: 6.6', 'location': {'url': 'https://viewer.optixone.com.br/pacs/viewers/optixDev/js/workerDownload.js?ver=20240514_0915', 'lineNumber': 0, '...</msg>
<var>${message_str}</var>
<arg>${message_dict}</arg>
<doc>Converts the given item to a Unicode string.</doc>
<status status="PASS" start="2024-06-01T11:59:44.305665" elapsed="0.001000"/>
</kw>
<kw name="Set Variable" owner="BuiltIn">
<msg time="2024-06-01T11:59:44.307665" level="INFO">${erro} = {'type': 'info', 'text': 'Worker[0] setParam - agentVersion: 6.6', 'location': {'url': 'https://viewer.optixone.com.br/pacs/viewers/optixDev/js/workerDownload.js?ver=20240514_0915', 'lineNumber': 0, '...</msg>
<var>${erro}</var>
<arg>${message_str}</arg>
<doc>Returns the given values which can then be assigned to a variables.</doc>
<status status="PASS" start="2024-06-01T11:59:44.306665" elapsed="0.002003"/>
</kw>
<kw name="Run Keyword And Return Status" owner="BuiltIn">
<kw name="Should Contain" owner="BuiltIn">
<msg time="2024-06-01T11:59:44.310239" level="FAIL">'{'type': 'info', 'text': 'Worker[0] setParam - agentVersion: 6.6', 'location': {'url': 'https://viewer.optixone.com.br/pacs/viewers/optixDev/js/workerDownload.js?ver=20240514_0915', 'lineNumber': 0, 'columnNumber': 8214}, 'time': '2024-06-01T14:59:39.409Z'}' does not contain ''error''</msg>
<arg>${message_str}</arg>
<arg>'error'</arg>
<doc>Fails if ``container`` does not contain ``item`` one or more times.</doc>
<status status="FAIL" start="2024-06-01T11:59:44.309031" elapsed="0.002216">'{'type': 'info', 'text': 'Worker[0] setParam - agentVersion: 6.6', 'location': {'url': 'https://viewer.optixone.com.br/pacs/viewers/optixDev/js/workerDownload.js?ver=20240514_0915', 'lineNumber': 0, 'columnNumber': 8214}, 'time': '2024-06-01T14:59:39.409Z'}' does not contain ''error''</status>
</kw>
<msg time="2024-06-01T11:59:44.311247" level="INFO">${is_error} = False</msg>
<var>${is_error}</var>
<arg>Should Contain</arg>
<arg>${message_str}</arg>
<arg>'error'</arg>
<doc>Runs the given keyword with given arguments and returns the status as a Boolean value.</doc>
<status status="PASS" start="2024-06-01T11:59:44.309031" elapsed="0.002216"/>
</kw>
<kw name="Run Keyword If" owner="BuiltIn">
<arg>${is_error}</arg>
<arg>Set Test Variable</arg>
<arg>${error_found}</arg>
<arg>${True}</arg>
<doc>Runs the given keyword with the given arguments, if ``condition`` is true.</doc>
<status status="PASS" start="2024-06-01T11:59:44.312248" elapsed="0.001014"/>
</kw>
<var name="${message_dict}">{'type': 'info', 'text': 'Worker[0] setParam - agentVersion: 6.6', 'location': {'url': 'https://viewer.optixone.com.br/pacs/viewers/optixDev/js/workerDownload.js?ver=20240514_0915', 'lineNumber': 0, '...</var>
<status status="PASS" start="2024-06-01T11:59:44.305665" elapsed="0.008584"/>
</iter>
<iter>
<kw name="Convert To String" owner="BuiltIn">
<msg time="2024-06-01T11:59:44.315246" level="INFO">${message_str} = {'type': 'log', 'text': 'Worker[0] openjpegjs web assembly version 2.5.0', 'location': {'url': 'https://viewer.optixone.com.br/pacs/viewers/optixDev/js/workerDecode.js?ver=20240514_0915', 'lineNumber'...</msg>
<var>${message_str}</var>
<arg>${message_dict}</arg>
<doc>Converts the given item to a Unicode string.</doc>
<status status="PASS" start="2024-06-01T11:59:44.315246" elapsed="0.001000"/>
</kw>
<kw name="Set Variable" owner="BuiltIn">
<msg time="2024-06-01T11:59:44.316246" level="INFO">${erro} = {'type': 'log', 'text': 'Worker[0] openjpegjs web assembly version 2.5.0', 'location': {'url': 'https://viewer.optixone.com.br/pacs/viewers/optixDev/js/workerDecode.js?ver=20240514_0915', 'lineNumber'...</msg>
<var>${erro}</var>
<arg>${message_str}</arg>
<doc>Returns the given values which can then be assigned to a variables.</doc>
<status status="PASS" start="2024-06-01T11:59:44.316246" elapsed="0.001002"/>
</kw>
<kw name="Run Keyword And Return Status" owner="BuiltIn">
<kw name="Should Contain" owner="BuiltIn">
<msg time="2024-06-01T11:59:44.318246" level="FAIL">'{'type': 'log', 'text': 'Worker[0] openjpegjs web assembly version 2.5.0', 'location': {'url': 'https://viewer.optixone.com.br/pacs/viewers/optixDev/js/workerDecode.js?ver=20240514_0915', 'lineNumber': 0, 'columnNumber': 15897}, 'time': '2024-06-01T14:59:39.441Z'}' does not contain ''error''</msg>
<arg>${message_str}</arg>
<arg>'error'</arg>
<doc>Fails if ``container`` does not contain ``item`` one or more times.</doc>
<status status="FAIL" start="2024-06-01T11:59:44.317248" elapsed="0.001998">'{'type': 'log', 'text': 'Worker[0] openjpegjs web assembly version 2.5.0', 'location': {'url': 'https://viewer.optixone.com.br/pacs/viewers/optixDev/js/workerDecode.js?ver=20240514_0915', 'lineNumber': 0, 'columnNumber': 15897}, 'time': '2024-06-01T14:59:39.441Z'}' does not contain ''error''</status>
</kw>
<msg time="2024-06-01T11:59:44.319246" level="INFO">${is_error} = False</msg>
<var>${is_error}</var>
<arg>Should Contain</arg>
<arg>${message_str}</arg>
<arg>'error'</arg>
<doc>Runs the given keyword with given arguments and returns the status as a Boolean value.</doc>
<status status="PASS" start="2024-06-01T11:59:44.317248" elapsed="0.001998"/>
</kw>
<kw name="Run Keyword If" owner="BuiltIn">
<arg>${is_error}</arg>
<arg>Set Test Variable</arg>
<arg>${error_found}</arg>
<arg>${True}</arg>
<doc>Runs the given keyword with the given arguments, if ``condition`` is true.</doc>
<status status="PASS" start="2024-06-01T11:59:44.319246" elapsed="0.001002"/>
</kw>
<var name="${message_dict}">{'type': 'log', 'text': 'Worker[0] openjpegjs web assembly version 2.5.0', 'location': {'url': 'https://viewer.optixone.com.br/pacs/viewers/optixDev/js/workerDecode.js?ver=20240514_0915', 'lineNumber'...</var>
<status status="PASS" start="2024-06-01T11:59:44.314249" elapsed="0.005999"/>
</iter>
<iter>
<kw name="Convert To String" owner="BuiltIn">
<msg time="2024-06-01T11:59:44.321247" level="INFO">${message_str} = {'type': 'warning', 'text': '[.WebGL-000050CC00551500]GL Driver Message (OpenGL, Performance, GL_CLOSE_PATH_NV, High): GPU stall due to ReadPixels', 'location': {'url': 'https://viewer.optixone.com.br...</msg>
<var>${message_str}</var>
<arg>${message_dict}</arg>
<doc>Converts the given item to a Unicode string.</doc>
<status status="PASS" start="2024-06-01T11:59:44.321247" elapsed="0.000999"/>
</kw>
<kw name="Set Variable" owner="BuiltIn">
<msg time="2024-06-01T11:59:44.322246" level="INFO">${erro} = {'type': 'warning', 'text': '[.WebGL-000050CC00551500]GL Driver Message (OpenGL, Performance, GL_CLOSE_PATH_NV, High): GPU stall due to ReadPixels', 'location': {'url': 'https://viewer.optixone.com.br...</msg>
<var>${erro}</var>
<arg>${message_str}</arg>
<doc>Returns the given values which can then be assigned to a variables.</doc>
<status status="PASS" start="2024-06-01T11:59:44.322246" elapsed="0.000000"/>
</kw>
<kw name="Run Keyword And Return Status" owner="BuiltIn">
<kw name="Should Contain" owner="BuiltIn">
<msg time="2024-06-01T11:59:44.323246" level="FAIL">'{'type': 'warning', 'text': '[.WebGL-000050CC00551500]GL Driver Message (OpenGL, Performance, GL_CLOSE_PATH_NV, High): GPU stall due to ReadPixels', 'location': {'url': 'https://viewer.optixone.com.br/pacs/viewers/optixDev/?id=10001021&amp;cdi=1&amp;H=36947ad783829afc000fb6ed8a1a371e&amp;SD=022c6714d0168a2bc32f78dd921a795bbd248ca7f9aa685db8159ef82d40d893191faf787d18788d1267771a1a4a130ab5b209af9b47b7e7927aa32ef2eaec2f9c05438fc3f4758cd10786889cae520498786ee6d99289c2434487b9d2cc802567b875e4036983c78ab1452eacf71eff633d3a835e1da31686d963f059f67a636a6c23de365c410c9f78c92d25b475f4&amp;r=65618', 'lineNumber': 0, 'columnNumber': 0}, 'time': '2024-06-01T14:59:39.649Z'}' does not contain ''error''</msg>
<arg>${message_str}</arg>
<arg>'error'</arg>
<doc>Fails if ``container`` does not contain ``item`` one or more times.</doc>
<status status="FAIL" start="2024-06-01T11:59:44.323246" elapsed="0.001000">'{'type': 'warning', 'text': '[.WebGL-000050CC00551500]GL Driver Message (OpenGL, Performance, GL_CLOSE_PATH_NV, High): GPU stall due to ReadPixels', 'location': {'url': 'https://viewer.optixone.com.br/pacs/viewers/optixDev/?id=10001021&amp;cdi=1&amp;H=36947ad783829afc000fb6ed8a1a371e&amp;SD=022c6714d0168a2bc32f78dd921a795bbd248ca7f9aa685db8159ef82d40d893191faf787d18788d1267771a1a4a130ab5b209af9b47b7e7927aa32ef2eaec2f9c05438fc3f4758cd10786889cae520498786ee6d99289c2434487b9d2cc802567b875e4036983c78ab1452eacf71eff633d3a835e1da31686d963f059f67a636a6c23de365c410c9f78c92d25b475f4&amp;r=65618', 'lineNumber': 0, 'columnNumber': 0}, 'time': '2024-06-01T14:59:39.649Z'}' does not contain ''error''</status>
</kw>
<msg time="2024-06-01T11:59:44.324246" level="INFO">${is_error} = False</msg>
<var>${is_error}</var>
<arg>Should Contain</arg>
<arg>${message_str}</arg>
<arg>'error'</arg>
<doc>Runs the given keyword with given arguments and returns the status as a Boolean value.</doc>
<status status="PASS" start="2024-06-01T11:59:44.323246" elapsed="0.001000"/>
</kw>
<kw name="Run Keyword If" owner="BuiltIn">
<arg>${is_error}</arg>
<arg>Set Test Variable</arg>
<arg>${error_found}</arg>
<arg>${True}</arg>
<doc>Runs the given keyword with the given arguments, if ``condition`` is true.</doc>
<status status="PASS" start="2024-06-01T11:59:44.324246" elapsed="0.001000"/>
</kw>
<var name="${message_dict}">{'type': 'warning', 'text': '[.WebGL-000050CC00551500]GL Driver Message (OpenGL, Performance, GL_CLOSE_PATH_NV, High): GPU stall due to ReadPixels', 'location': {'url': 'https://viewer.optixone.com.br...</var>
<status status="PASS" start="2024-06-01T11:59:44.320248" elapsed="0.004998"/>
</iter>
<iter>
<kw name="Convert To String" owner="BuiltIn">
<msg time="2024-06-01T11:59:44.326247" level="INFO">${message_str} = {'type': 'warning', 'text': '[.WebGL-000050CC00551500]GL Driver Message (OpenGL, Performance, GL_CLOSE_PATH_NV, High): GPU stall due to ReadPixels (this message will no longer repeat)', 'location': {'...</msg>
<var>${message_str}</var>
<arg>${message_dict}</arg>
<doc>Converts the given item to a Unicode string.</doc>
<status status="PASS" start="2024-06-01T11:59:44.326247" elapsed="0.000998"/>
</kw>
<kw name="Set Variable" owner="BuiltIn">
<msg time="2024-06-01T11:59:44.327245" level="INFO">${erro} = {'type': 'warning', 'text': '[.WebGL-000050CC00551500]GL Driver Message (OpenGL, Performance, GL_CLOSE_PATH_NV, High): GPU stall due to ReadPixels (this message will no longer repeat)', 'location': {'...</msg>
<var>${erro}</var>
<arg>${message_str}</arg>
<doc>Returns the given values which can then be assigned to a variables.</doc>
<status status="PASS" start="2024-06-01T11:59:44.327245" elapsed="0.001001"/>
</kw>
<kw name="Run Keyword And Return Status" owner="BuiltIn">
<kw name="Should Contain" owner="BuiltIn">
<msg time="2024-06-01T11:59:44.330246" level="FAIL">'{'type': 'warning', 'text': '[.WebGL-000050CC00551500]GL Driver Message (OpenGL, Performance, GL_CLOSE_PATH_NV, High): GPU stall due to ReadPixels (this message will no longer repeat)', 'location': {'url': 'https://viewer.optixone.com.br/pacs/viewers/optixDev/?id=10001021&amp;cdi=1&amp;H=36947ad783829afc000fb6ed8a1a371e&amp;SD=022c6714d0168a2bc32f78dd921a795bbd248ca7f9aa685db8159ef82d40d893191faf787d18788d1267771a1a4a130ab5b209af9b47b7e7927aa32ef2eaec2f9c05438fc3f4758cd10786889cae520498786ee6d99289c2434487b9d2cc802567b875e4036983c78ab1452eacf71eff633d3a835e1da31686d963f059f67a636a6c23de365c410c9f78c92d25b475f4&amp;r=65618', 'lineNumber': 0, 'columnNumber': 0}, 'time': '2024-06-01T14:59:41.414Z'}' does not contain ''error''</msg>
<arg>${message_str}</arg>
<arg>'error'</arg>
<doc>Fails if ``container`` does not contain ``item`` one or more times.</doc>
<status status="FAIL" start="2024-06-01T11:59:44.328246" elapsed="0.002000">'{'type': 'warning', 'text': '[.WebGL-000050CC00551500]GL Driver Message (OpenGL, Performance, GL_CLOSE_PATH_NV, High): GPU stall due to ReadPixels (this message will no longer repeat)', 'location': {'url': 'https://viewer.optixone.com.br/pacs/viewers/optixDev/?id=10001021&amp;cdi=1&amp;H=36947ad783829afc000fb6ed8a1a371e&amp;SD=022c6714d0168a2bc32f78dd921a795bbd248ca7f9aa685db8159ef82d40d893191faf787d18788d1267771a1a4a130ab5b209af9b47b7e7927aa32ef2eaec2f9c05438fc3f4758cd10786889cae520498786ee6d99289c2434487b9d2cc802567b875e4036983c78ab1452eacf71eff633d3a835e1da31686d963f059f67a636a6c23de365c410c9f78c92d25b475f4&amp;r=65618', 'lineNumber': 0, 'columnNumber': 0}, 'time': '2024-06-01T14:59:41.414Z'}' does not contain ''error''</status>
</kw>
<msg time="2024-06-01T11:59:44.330246" level="INFO">${is_error} = False</msg>
<var>${is_error}</var>
<arg>Should Contain</arg>
<arg>${message_str}</arg>
<arg>'error'</arg>
<doc>Runs the given keyword with given arguments and returns the status as a Boolean value.</doc>
<status status="PASS" start="2024-06-01T11:59:44.328246" elapsed="0.003008"/>
</kw>
<kw name="Run Keyword If" owner="BuiltIn">
<arg>${is_error}</arg>
<arg>Set Test Variable</arg>
<arg>${error_found}</arg>
<arg>${True}</arg>
<doc>Runs the given keyword with the given arguments, if ``condition`` is true.</doc>
<status status="PASS" start="2024-06-01T11:59:44.331254" elapsed="0.000000"/>
</kw>
<var name="${message_dict}">{'type': 'warning', 'text': '[.WebGL-000050CC00551500]GL Driver Message (OpenGL, Performance, GL_CLOSE_PATH_NV, High): GPU stall due to ReadPixels (this message will no longer repeat)', 'location': {'...</var>
<status status="PASS" start="2024-06-01T11:59:44.326247" elapsed="0.006000"/>
</iter>
<var>${message_dict}</var>
<value>@{log1}</value>
<status status="PASS" start="2024-06-01T11:59:44.187625" elapsed="0.144622"/>
</for>
<kw name="Run Keyword If" owner="BuiltIn">
<arg>${error_found}</arg>
<arg>Fail</arg>
<arg>Error message found in console log. ${message_dict}</arg>
<doc>Runs the given keyword with the given arguments, if ``condition`` is true.</doc>
<status status="PASS" start="2024-06-01T11:59:44.332247" elapsed="0.000000"/>
</kw>
<kw name="Exit For Loop If" owner="BuiltIn">
<arg>${error_found}</arg>
<doc>Stops executing the enclosing FOR loop if the ``condition`` is true.</doc>
<status status="PASS" start="2024-06-01T11:59:44.333247" elapsed="0.000000"/>
</kw>
<var name="${id_element}">xpath=/html/body/header/button[1]/i</var>
<status status="PASS" start="2024-06-01T11:59:43.092684" elapsed="1.240563"/>
</iter>
<iter>
<kw name="Sleep" owner="BuiltIn">
<msg time="2024-06-01T11:59:45.334775" level="INFO">Slept 1 second.</msg>
<arg>1</arg>
<doc>Pauses the test executed for the given time.</doc>
<status status="PASS" start="2024-06-01T11:59:44.334248" elapsed="1.000527"/>
</kw>
<kw name="Click" owner="Browser">
<msg time="2024-06-01T11:59:45.335823" level="INFO">Clicks the element 'xpath=/html/body/div[2]/span[19]'.</msg>
<arg>${id_element}</arg>
<tag>PageContent</tag>
<tag>Setter</tag>
<doc>Simulates mouse click on the element found by ``selector``.</doc>
<status status="PASS" start="2024-06-01T11:59:45.334775" elapsed="0.181887"/>
</kw>
<kw name="Get Console Log" owner="Browser">
<msg time="2024-06-01T11:59:45.521075" level="INFO">Console log received</msg>
<msg time="2024-06-01T11:59:45.522074" level="INFO">@{log1} = [ ]</msg>
<var>@{log1}</var>
<tag>Assertion</tag>
<tag>BrowserControl</tag>
<tag>Getter</tag>
<doc>Returns the console log of the active page.</doc>
<status status="PASS" start="2024-06-01T11:59:45.516662" elapsed="0.005412"/>
</kw>
<kw name="Set Test Variable" owner="BuiltIn">
<msg time="2024-06-01T11:59:45.523074" level="INFO">${False} = False</msg>
<msg time="2024-06-01T11:59:45.524074" level="INFO">${error_found} = None</msg>
<var>${error_found}</var>
<arg>${False}</arg>
<doc>Makes a variable available everywhere within the scope of the current test.</doc>
<status status="PASS" start="2024-06-01T11:59:45.523074" elapsed="0.002001"/>
</kw>
<for flavor="IN">
<iter>
<kw name="Convert To String" owner="BuiltIn">
<var>${message_str}</var>
<arg>${message_dict}</arg>
<doc>Converts the given item to a Unicode string.</doc>
<status status="NOT RUN" start="2024-06-01T11:59:45.527074" elapsed="0.000000"/>
</kw>
<kw name="Set Variable" owner="BuiltIn">
<var>${erro}</var>
<arg>${message_str}</arg>
<doc>Returns the given values which can then be assigned to a variables.</doc>
<status status="NOT RUN" start="2024-06-01T11:59:45.528088" elapsed="0.000990"/>
</kw>
<kw name="Run Keyword And Return Status" owner="BuiltIn">
<var>${is_error}</var>
<arg>Should Contain</arg>
<arg>${message_str}</arg>
<arg>'error'</arg>
<doc>Runs the given keyword with given arguments and returns the status as a Boolean value.</doc>
<status status="NOT RUN" start="2024-06-01T11:59:45.530079" elapsed="0.000993"/>
</kw>
<kw name="Run Keyword If" owner="BuiltIn">
<arg>${is_error}</arg>
<arg>Set Test Variable</arg>
<arg>${error_found}</arg>
<arg>${True}</arg>
<doc>Runs the given keyword with the given arguments, if ``condition`` is true.</doc>
<status status="NOT RUN" start="2024-06-01T11:59:45.531072" elapsed="0.000000"/>
</kw>
<var name="${message_dict}"/>
<status status="NOT RUN" start="2024-06-01T11:59:45.526089" elapsed="0.005987"/>
</iter>
<var>${message_dict}</var>
<value>@{log1}</value>
<status status="NOT RUN" start="2024-06-01T11:59:45.525075" elapsed="0.007001"/>
</for>
<kw name="Run Keyword If" owner="BuiltIn">
<arg>${error_found}</arg>
<arg>Fail</arg>
<arg>Error message found in console log. ${message_dict}</arg>
<doc>Runs the given keyword with the given arguments, if ``condition`` is true.</doc>
<status status="PASS" start="2024-06-01T11:59:45.532076" elapsed="0.002011"/>
</kw>
<kw name="Exit For Loop If" owner="BuiltIn">
<arg>${error_found}</arg>
<doc>Stops executing the enclosing FOR loop if the ``condition`` is true.</doc>
<status status="PASS" start="2024-06-01T11:59:45.534087" elapsed="0.000990"/>
</kw>
[...]
</iter>
<iter>
<kw name="Sleep" owner="BuiltIn">
<msg time="2024-06-01T12:02:05.240006" level="INFO">Slept 1 second.</msg>
<arg>1</arg>
<doc>Pauses the test executed for the given time.</doc>
<status status="PASS" start="2024-06-01T12:02:04.237822" elapsed="1.002627"/>
</kw>
<kw name="Click" owner="Browser">
<msg time="2024-06-01T12:02:05.244482" level="INFO">Clicks the element 'xpath=/html/body/header/button[19]'.</msg>
<arg>${id_element}</arg>
<tag>PageContent</tag>
<tag>Setter</tag>
<doc>Simulates mouse click on the element found by ``selector``.</doc>
<status status="PASS" start="2024-06-01T12:02:05.241536" elapsed="0.062127"/>
</kw>
<kw name="Get Console Log" owner="Browser">
<msg time="2024-06-01T12:02:05.305662" level="INFO">Console log received</msg>
<msg time="2024-06-01T12:02:05.306667" level="INFO">@{log1} = [ ]</msg>
<var>@{log1}</var>
<tag>Assertion</tag>
<tag>BrowserControl</tag>
<tag>Getter</tag>
<doc>Returns the console log of the active page.</doc>
<status status="PASS" start="2024-06-01T12:02:05.303663" elapsed="0.003004"/>
</kw>
<kw name="Set Test Variable" owner="BuiltIn">
<msg time="2024-06-01T12:02:05.307662" level="INFO">${False} = False</msg>
<msg time="2024-06-01T12:02:05.307662" level="INFO">${error_found} = None</msg>
<var>${error_found}</var>
<arg>${False}</arg>
<doc>Makes a variable available everywhere within the scope of the current test.</doc>
<status status="PASS" start="2024-06-01T12:02:05.306667" elapsed="0.000995"/>
</kw>
<for flavor="IN">
<iter>
<kw name="Convert To String" owner="BuiltIn">
<var>${message_str}</var>
<arg>${message_dict}</arg>
<doc>Converts the given item to a Unicode string.</doc>
<status status="NOT RUN" start="2024-06-01T12:02:05.310668" elapsed="0.000000"/>
</kw>
<kw name="Set Variable" owner="BuiltIn">
<var>${erro}</var>
<arg>${message_str}</arg>
<doc>Returns the given values which can then be assigned to a variables.</doc>
<status status="NOT RUN" start="2024-06-01T12:02:05.310668" elapsed="0.000000"/>
</kw>
<kw name="Run Keyword And Return Status" owner="BuiltIn">
<var>${is_error}</var>
<arg>Should Contain</arg>
<arg>${message_str}</arg>
<arg>'error'</arg>
<doc>Runs the given keyword with given arguments and returns the status as a Boolean value.</doc>
<status status="NOT RUN" start="2024-06-01T12:02:05.310668" elapsed="0.000000"/>
</kw>
<kw name="Run Keyword If" owner="BuiltIn">
<arg>${is_error}</arg>
<arg>Set Test Variable</arg>
<arg>${error_found}</arg>
<arg>${True}</arg>
<doc>Runs the given keyword with the given arguments, if ``condition`` is true.</doc>
<status status="NOT RUN" start="2024-06-01T12:02:05.311703" elapsed="0.000000"/>
</kw>
<var name="${message_dict}"/>
<status status="NOT RUN" start="2024-06-01T12:02:05.309674" elapsed="0.002029"/>
</iter>
<var>${message_dict}</var>
<value>@{log1}</value>
<status status="NOT RUN" start="2024-06-01T12:02:05.308663" elapsed="0.003040"/>
</for>
<kw name="Run Keyword If" owner="BuiltIn">
<arg>${error_found}</arg>
<arg>Fail</arg>
<arg>Error message found in console log. ${message_dict}</arg>
<doc>Runs the given keyword with the given arguments, if ``condition`` is true.</doc>
<status status="PASS" start="2024-06-01T12:02:05.311703" elapsed="0.000000"/>
</kw>
<kw name="Exit For Loop If" owner="BuiltIn">
<arg>${error_found}</arg>
<doc>Stops executing the enclosing FOR loop if the ``condition`` is true.</doc>
<status status="PASS" start="2024-06-01T12:02:05.311703" elapsed="0.001000"/>
</kw>
<var name="${id_element}">xpath=/html/body/header/button[19]</var>
<status status="PASS" start="2024-06-01T12:02:04.237822" elapsed="1.074881"/>
</iter>
<iter>
<kw name="Sleep" owner="BuiltIn">
<msg time="2024-06-01T12:02:06.313091" level="INFO">Slept 1 second.</msg>
<arg>1</arg>
<doc>Pauses the test executed for the given time.</doc>
<status status="PASS" start="2024-06-01T12:02:05.312703" elapsed="1.000388"/>
</kw>
<kw name="Click" owner="Browser">
<msg time="2024-06-01T12:02:06.315120" level="INFO">Clicks the element 'xpath=/html/body/header/button[22]/i[1]'.</msg>
<arg>${id_element}</arg>
<tag>PageContent</tag>
<tag>Setter</tag>
<doc>Simulates mouse click on the element found by ``selector``.</doc>
<status status="PASS" start="2024-06-01T12:02:06.313091" elapsed="0.233155"/>
</kw>
<kw name="Get Console Log" owner="Browser">
<msg time="2024-06-01T12:02:06.549247" level="INFO">Console log received</msg>
<msg time="2024-06-01T12:02:06.549247" level="INFO">@{log1} = [ {'type': 'log', 'text': 'Columns: 256 px * 1.5625 = 400 mm\nRows: 256 px * 1.5625 = 400 mm\nZ: 19 slices * 16 = 465.14477331147515 mm\nvoxelMultiplier: 1.1628619332786878, 1.1628619332786878, 1\nAcq...</msg>
<var>@{log1}</var>
<tag>Assertion</tag>
<tag>BrowserControl</tag>
<tag>Getter</tag>
<doc>Returns the console log of the active page.</doc>
<status status="PASS" start="2024-06-01T12:02:06.546246" elapsed="0.004001"/>
</kw>
<kw name="Set Test Variable" owner="BuiltIn">
<msg time="2024-06-01T12:02:06.551248" level="INFO">${False} = False</msg>
<msg time="2024-06-01T12:02:06.552251" level="INFO">${error_found} = None</msg>
<var>${error_found}</var>
<arg>${False}</arg>
<doc>Makes a variable available everywhere within the scope of the current test.</doc>
<status status="PASS" start="2024-06-01T12:02:06.550247" elapsed="0.002004"/>
</kw>
<for flavor="IN">
<iter>
<kw name="Convert To String" owner="BuiltIn">
<msg time="2024-06-01T12:02:06.555246" level="INFO">${message_str} = {'type': 'log', 'text': 'Columns: 256 px * 1.5625 = 400 mm\nRows: 256 px * 1.5625 = 400 mm\nZ: 19 slices * 16 = 465.14477331147515 mm\nvoxelMultiplier: 1.1628619332786878, 1.1628619332786878, 1\nAcqui...</msg>
<var>${message_str}</var>
<arg>${message_dict}</arg>
<doc>Converts the given item to a Unicode string.</doc>
<status status="PASS" start="2024-06-01T12:02:06.554250" elapsed="0.000996"/>
</kw>
<kw name="Set Variable" owner="BuiltIn">
<msg time="2024-06-01T12:02:06.556246" level="INFO">${erro} = {'type': 'log', 'text': 'Columns: 256 px * 1.5625 = 400 mm\nRows: 256 px * 1.5625 = 400 mm\nZ: 19 slices * 16 = 465.14477331147515 mm\nvoxelMultiplier: 1.1628619332786878, 1.1628619332786878, 1\nAcqui...</msg>
<var>${erro}</var>
<arg>${message_str}</arg>
<doc>Returns the given values which can then be assigned to a variables.</doc>
<status status="PASS" start="2024-06-01T12:02:06.555246" elapsed="0.001000"/>
</kw>
<kw name="Run Keyword And Return Status" owner="BuiltIn">
<kw name="Should Contain" owner="BuiltIn">
<msg time="2024-06-01T12:02:06.557246" level="FAIL">'{'type': 'log', 'text': 'Columns: 256 px * 1.5625 = 400 mm\nRows: 256 px * 1.5625 = 400 mm\nZ: 19 slices * 16 = 465.14477331147515 mm\nvoxelMultiplier: 1.1628619332786878, 1.1628619332786878, 1\nAcquisition Number: 1, hasMore? Nao\nStack: null, Temporal Position Identifier null, hasMore? Nao\nImg Plane: AXIAL, Pat. pos.: FFP\nbytesPerPixel: 2', 'location': {'url': 'https://viewer.optixone.com.br/pacs/viewers/optixDev/js/MPR.js?ver=20240514_0915', 'lineNumber': 0, 'columnNumber': 13429}, 'time': '2024-06-01T15:02:06.438Z'}' does not contain ''error''</msg>
<arg>${message_str}</arg>
<arg>'error'</arg>
<doc>Fails if ``container`` does not contain ``item`` one or more times.</doc>
<status status="FAIL" start="2024-06-01T12:02:06.556246" elapsed="0.002098">'{'type': 'log', 'text': 'Columns: 256 px * 1.5625 = 400 mm\nRows: 256 px * 1.5625 = 400 mm\nZ: 19 slices * 16 = 465.14477331147515 mm\nvoxelMultiplier: 1.1628619332786878, 1.1628619332786878, 1\nAcquisition Number: 1, hasMore? Nao\nStack: null, Temporal Position Identifier null, hasMore? Nao\nImg Plane: AXIAL, Pat. pos.: FFP\nbytesPerPixel: 2', 'location': {'url': 'https://viewer.optixone.com.br/pacs/viewers/optixDev/js/MPR.js?ver=20240514_0915', 'lineNumber': 0, 'columnNumber': 13429}, 'time': '2024-06-01T15:02:06.438Z'}' does not contain ''error''</status>
</kw>
<msg time="2024-06-01T12:02:06.558673" level="INFO">${is_error} = False</msg>
<var>${is_error}</var>
<arg>Should Contain</arg>
<arg>${message_str}</arg>
<arg>'error'</arg>
<doc>Runs the given keyword with given arguments and returns the status as a Boolean value.</doc>
<status status="PASS" start="2024-06-01T12:02:06.556246" elapsed="0.002427"/>
</kw>
<kw name="Run Keyword If" owner="BuiltIn">
<arg>${is_error}</arg>
<arg>Set Test Variable</arg>
<arg>${error_found}</arg>
<arg>${True}</arg>
<doc>Runs the given keyword with the given arguments, if ``condition`` is true.</doc>
<status status="PASS" start="2024-06-01T12:02:06.559674" elapsed="0.001001"/>
</kw>
<var name="${message_dict}">{'type': 'log', 'text': 'Columns: 256 px * 1.5625 = 400 mm\nRows: 256 px * 1.5625 = 400 mm\nZ: 19 slices * 16 = 465.14477331147515 mm\nvoxelMultiplier: 1.1628619332786878, 1.1628619332786878, 1\nAcqui...</var>
<status status="PASS" start="2024-06-01T12:02:06.554250" elapsed="0.006425"/>
</iter>
<var>${message_dict}</var>
<value>@{log1}</value>
<status status="PASS" start="2024-06-01T12:02:06.553257" elapsed="0.007418"/>
</for>
<kw name="Run Keyword If" owner="BuiltIn">
<arg>${error_found}</arg>
<arg>Fail</arg>
<arg>Error message found in console log. ${message_dict}</arg>
<doc>Runs the given keyword with the given arguments, if ``condition`` is true.</doc>
<status status="PASS" start="2024-06-01T12:02:06.560675" elapsed="0.000994"/>
</kw>
<kw name="Exit For Loop If" owner="BuiltIn">
<arg>${error_found}</arg>
<doc>Stops executing the enclosing FOR loop if the ``condition`` is true.</doc>
<status status="PASS" start="2024-06-01T12:02:06.561669" elapsed="0.000000"/>
</kw>
<var name="${id_element}">xpath=/html/body/header/button[22]/i[1]</var>
<status status="PASS" start="2024-06-01T12:02:05.312703" elapsed="1.250006"/>
</iter>
<iter>
<kw name="Sleep" owner="BuiltIn">
<msg time="2024-06-01T12:02:07.563937" level="INFO">Slept 1 second.</msg>
<arg>1</arg>
<doc>Pauses the test executed for the given time.</doc>
<status status="PASS" start="2024-06-01T12:02:06.562709" elapsed="1.001228"/>
</kw>
<kw name="Click" owner="Browser">
<msg time="2024-06-01T12:02:07.564946" level="INFO">Clicks the element 'xpath=/html/body/div[4]/div[1]/div/div/div/div[3]/button'.</msg>
<arg>${id_element}</arg>
<tag>PageContent</tag>
<tag>Setter</tag>
<doc>Simulates mouse click on the element found by ``selector``.</doc>
<status status="PASS" start="2024-06-01T12:02:07.563937" elapsed="0.052697"/>
</kw>
<kw name="Get Console Log" owner="Browser">
<msg time="2024-06-01T12:02:07.619666" level="INFO">Console log received</msg>
<msg time="2024-06-01T12:02:07.619666" level="INFO">@{log1} = [ ]</msg>
<var>@{log1}</var>
<tag>Assertion</tag>
<tag>BrowserControl</tag>
<tag>Getter</tag>
<doc>Returns the console log of the active page.</doc>
<status status="PASS" start="2024-06-01T12:02:07.616634" elapsed="0.003032"/>
</kw>
<kw name="Set Test Variable" owner="BuiltIn">
<msg time="2024-06-01T12:02:07.620634" level="INFO">${False} = False</msg>
<msg time="2024-06-01T12:02:07.620634" level="INFO">${error_found} = None</msg>
<var>${error_found}</var>
<arg>${False}</arg>
<doc>Makes a variable available everywhere within the scope of the current test.</doc>
<status status="PASS" start="2024-06-01T12:02:07.620634" elapsed="0.000000"/>
</kw>
<for flavor="IN">
<iter>
<kw name="Convert To String" owner="BuiltIn">
<var>${message_str}</var>
<arg>${message_dict}</arg>
<doc>Converts the given item to a Unicode string.</doc>
<status status="NOT RUN" start="2024-06-01T12:02:07.622633" elapsed="0.000000"/>
</kw>
<kw name="Set Variable" owner="BuiltIn">
<var>${erro}</var>
<arg>${message_str}</arg>
<doc>Returns the given values which can then be assigned to a variables.</doc>
<status status="NOT RUN" start="2024-06-01T12:02:07.623638" elapsed="0.000998"/>
</kw>
<kw name="Run Keyword And Return Status" owner="BuiltIn">
<var>${is_error}</var>
<arg>Should Contain</arg>
<arg>${message_str}</arg>
<arg>'error'</arg>
<doc>Runs the given keyword with given arguments and returns the status as a Boolean value.</doc>
<status status="NOT RUN" start="2024-06-01T12:02:07.624636" elapsed="0.001002"/>
</kw>
<kw name="Run Keyword If" owner="BuiltIn">
<arg>${is_error}</arg>
<arg>Set Test Variable</arg>
<arg>${error_found}</arg>
<arg>${True}</arg>
<doc>Runs the given keyword with the given arguments, if ``condition`` is true.</doc>
<status status="NOT RUN" start="2024-06-01T12:02:07.625638" elapsed="0.000000"/>
</kw>
<var name="${message_dict}"/>
<status status="NOT RUN" start="2024-06-01T12:02:07.621633" elapsed="0.004005"/>
</iter>
<var>${message_dict}</var>
<value>@{log1}</value>
<status status="NOT RUN" start="2024-06-01T12:02:07.621633" elapsed="0.004005"/>
</for>
<kw name="Run Keyword If" owner="BuiltIn">
<arg>${error_found}</arg>
<arg>Fail</arg>
<arg>Error message found in console log. ${message_dict}</arg>
<doc>Runs the given keyword with the given arguments, if ``condition`` is true.</doc>
<status status="PASS" start="2024-06-01T12:02:07.625638" elapsed="0.001024"/>
</kw>
<kw name="Exit For Loop If" owner="BuiltIn">
<arg>${error_found}</arg>
<doc>Stops executing the enclosing FOR loop if the ``condition`` is true.</doc>
<status status="PASS" start="2024-06-01T12:02:07.626662" elapsed="0.000000"/>
</kw>
<var name="${id_element}">xpath=/html/body/div[4]/div[1]/div/div/div/div[3]/button</var>
<status status="PASS" start="2024-06-01T12:02:06.562709" elapsed="1.063953"/>
</iter>
<iter>
<kw name="Sleep" owner="BuiltIn">
<msg time="2024-06-01T12:02:08.628163" level="INFO">Slept 1 second.</msg>
<arg>1</arg>
<doc>Pauses the test executed for the given time.</doc>
<status status="PASS" start="2024-06-01T12:02:07.627777" elapsed="1.000909"/>
</kw>
<kw name="Click" owner="Browser">
<msg time="2024-06-01T12:02:08.630700" level="INFO">Clicks the element 'xpath=/html/body/div[4]/div/div/div/div/div[3]/button'.</msg>
<msg time="2024-06-01T12:02:18.821405" level="INFO" html="true">&lt;/td&gt;&lt;/tr&gt;&lt;tr&gt;&lt;td colspan="3"&gt;&lt;a href="browser/screenshot/fail-screenshot-1.png" target="_blank"&gt;&lt;img src="browser/screenshot/fail-screenshot-1.png" width="800px"/&gt;&lt;/a&gt;</msg>
<msg time="2024-06-01T12:02:18.821405" level="INFO">See also file:///C:/LogBrowser/results/playwright-log.txt for additional details.</msg>
<msg time="2024-06-01T12:02:18.822400" level="FAIL">TimeoutError: locator.click: Timeout 10000ms exceeded.
Call log:
  [2m- waiting for locator('xpath=/html/body/div[4]/div/div/div/div/div[3]/button')[22m

Tip: Use "Set Browser Timeout" for increasing the timeout or double check your locator as the targeted element(s) couldn't be found.</msg>
<arg>${id_element}</arg>
<tag>PageContent</tag>
<tag>Setter</tag>
<doc>Simulates mouse click on the element found by ``selector``.</doc>
<status status="FAIL" start="2024-06-01T12:02:08.629701" elapsed="10.199700">TimeoutError: locator.click: Timeout 10000ms exceeded.
Call log:
  [2m- waiting for locator('xpath=/html/body/div[4]/div/div/div/div/div[3]/button')[22m

Tip: Use "Set Browser Timeout" for increasing the timeout or double check your locator as the targeted element(s) couldn't be found.</status>
</kw>
<kw name="Get Console Log" owner="Browser">
<var>@{log1}</var>
<tag>Assertion</tag>
<tag>BrowserControl</tag>
<tag>Getter</tag>
<doc>Returns the console log of the active page.</doc>
<status status="NOT RUN" start="2024-06-01T12:02:18.830420" elapsed="0.000984"/>
</kw>
<kw name="Set Test Variable" owner="BuiltIn">
<var>${error_found}</var>
<arg>${False}</arg>
<doc>Makes a variable available everywhere within the scope of the current test.</doc>
<status status="NOT RUN" start="2024-06-01T12:02:18.831404" elapsed="0.000000"/>
</kw>
<for flavor="IN">
<iter>
<kw name="Convert To String" owner="BuiltIn">
<var>${message_str}</var>
<arg>${message_dict}</arg>
<doc>Converts the given item to a Unicode string.</doc>
<status status="NOT RUN" start="2024-06-01T12:02:18.832400" elapsed="0.001002"/>
</kw>
<kw name="Set Variable" owner="BuiltIn">
<var>${erro}</var>
<arg>${message_str}</arg>
<doc>Returns the given values which can then be assigned to a variables.</doc>
<status status="NOT RUN" start="2024-06-01T12:02:18.833402" elapsed="0.000000"/>
</kw>
<kw name="Run Keyword And Return Status" owner="BuiltIn">
<var>${is_error}</var>
<arg>Should Contain</arg>
<arg>${message_str}</arg>
<arg>'error'</arg>
<doc>Runs the given keyword with given arguments and returns the status as a Boolean value.</doc>
<status status="NOT RUN" start="2024-06-01T12:02:18.834401" elapsed="0.000000"/>
</kw>
<kw name="Run Keyword If" owner="BuiltIn">
<arg>${is_error}</arg>
<arg>Set Test Variable</arg>
<arg>${error_found}</arg>
<arg>${True}</arg>
<doc>Runs the given keyword with the given arguments, if ``condition`` is true.</doc>
<status status="NOT RUN" start="2024-06-01T12:02:18.834401" elapsed="0.000999"/>
</kw>
<var name="${message_dict}"/>
<status status="NOT RUN" start="2024-06-01T12:02:18.832400" elapsed="0.003000"/>
</iter>
<var>${message_dict}</var>
<value>@{log1}</value>
<status status="NOT RUN" start="2024-06-01T12:02:18.832400" elapsed="0.003000"/>
</for>
<kw name="Run Keyword If" owner="BuiltIn">
<arg>${error_found}</arg>
<arg>Fail</arg>
<arg>Error message found in console log. ${message_dict}</arg>
<doc>Runs the given keyword with the given arguments, if ``condition`` is true.</doc>
<status status="NOT RUN" start="2024-06-01T12:02:18.835400" elapsed="0.000999"/>
</kw>
<kw name="Exit For Loop If" owner="BuiltIn">
<arg>${error_found}</arg>
<doc>Stops executing the enclosing FOR loop if the ``condition`` is true.</doc>
<status status="NOT RUN" start="2024-06-01T12:02:18.836399" elapsed="0.000000"/>
</kw>
<var name="${id_element}">xpath=/html/body/div[4]/div/div/div/div/div[3]/button</var>
<status status="FAIL" start="2024-06-01T12:02:07.626662" elapsed="11.209737">TimeoutError: locator.click: Timeout 10000ms exceeded.
Call log:
  [2m- waiting for locator('xpath=/html/body/div[4]/div/div/div/div/div[3]/button')[22m

Tip: Use "Set Browser Timeout" for increasing the timeout or double check your locator as the targeted element(s) couldn't be found.</status>
</iter>
<var>${id_element}</var>
<value>@{element_ids}</value>
<status status="FAIL" start="2024-06-01T11:59:43.091682" elapsed="155.745718">TimeoutError: locator.click: Timeout 10000ms exceeded.
Call log:
  [2m- waiting for locator('xpath=/html/body/div[4]/div/div/div/div/div[3]/button')[22m

Tip: Use "Set Browser Timeout" for increasing the timeout or double check your locator as the targeted element(s) couldn't be found.</status>
</for>
<kw name="Close Browser" owner="Browser">
<tag>BrowserControl</tag>
<tag>Setter</tag>
<doc>Closes the current browser.</doc>
<status status="NOT RUN" start="2024-06-01T12:02:18.837400" elapsed="0.001153"/>
</kw>
<status status="FAIL" start="2024-06-01T11:59:38.095428" elapsed="160.744129">TimeoutError: locator.click: Timeout 10000ms exceeded.
Call log:
  [2m- waiting for locator('xpath=/html/body/div[4]/div/div/div/div/div[3]/button')[22m

Tip: Use "Set Browser Timeout" for increasing the timeout or double check your locator as the targeted element(s) couldn't be found.</status>
</test>
<status status="FAIL" start="2024-06-01T11:59:37.244802" elapsed="161.658380"/>
</suite>
<status status="FAIL" start="2024-06-01T11:59:37.217506" elapsed="161.692676"/>
</suite>
<statistics>
<total>
<stat pass="0" fail="1" skip="0">All Tests</stat>
</total>
<tag>
</tag>
<suite>
<stat pass="0" fail="1" skip="0" id="s1" name="LogBrowser">LogBrowser</stat>
<stat pass="0" fail="1" skip="0" id="s1-s1" name="Teste">LogBrowser.Teste</stat>
</suite>
</statistics>
<errors>
</errors>
</robot>
